This file contains any messages produced by compilers while
running configure, to aid debugging if configure makes a mistake.

It was created by WebKitGTK configure 2.2.0, which was
generated by GNU Autoconf 2.69.  Invocation command line was

  $ ./configure --enable-introspection --enable-web-audio --disable-credential-storage --no-create --no-recursion

## --------- ##
## Platform. ##
## --------- ##

hostname = Ignis
uname -m = x86_64
uname -r = 3.11.1-pf
uname -s = Linux
uname -v = #2 SMP PREEMPT Thu Sep 19 21:46:53 CDT 2013

/usr/bin/uname -p = AMD FX(tm)-8150 Eight-Core Processor
/bin/uname -X     = unknown

/bin/arch              = unknown
/usr/bin/arch -k       = unknown
/usr/convex/getsysinfo = unknown
/usr/bin/hostinfo      = unknown
/bin/machine           = unknown
/usr/bin/oslevel       = unknown
/bin/universe          = unknown

PATH: /usr/local/bin
PATH: /usr/bin
PATH: /bin
PATH: /opt/bin
PATH: /usr/x86_64-pc-linux-gnu/gcc-bin/4.7.3
PATH: /opt/nvidia-cg-toolkit/bin
PATH: /usr/lib64/subversion/bin


## ----------- ##
## Core tests. ##
## ----------- ##

configure:2889: checking build system type
configure:2903: result: x86_64-unknown-linux-gnu
configure:2923: checking host system type
configure:2936: result: x86_64-unknown-linux-gnu
configure:2983: checking for perl
configure:3001: found /usr/bin/perl
configure:3013: result: /usr/bin/perl
configure:3027: checking for python
configure:3045: found /usr/bin/python
configure:3057: result: /usr/bin/python
configure:3071: checking for ruby
configure:3089: found /usr/bin/ruby
configure:3101: result: /usr/bin/ruby
configure:3115: checking for bison
configure:3133: found /usr/bin/bison
configure:3145: result: /usr/bin/bison
configure:3159: checking for mv
configure:3177: found /bin/mv
configure:3189: result: /bin/mv
configure:3203: checking for gperf
configure:3221: found /usr/bin/gperf
configure:3233: result: /usr/bin/gperf
configure:3247: checking for flex
configure:3265: found /usr/bin/flex
configure:3277: result: /usr/bin/flex
configure:3294: checking for gawk
configure:3310: found /usr/bin/gawk
configure:3321: result: gawk
configure:3426: checking for gcc
configure:3442: found /usr/bin/gcc
configure:3453: result: gcc
configure:3682: checking for C compiler version
configure:3691: gcc --version >&5
gcc (Gentoo 4.7.3 p1.2, pie-0.5.5) 4.7.3
Copyright (C) 2012 Free Software Foundation, Inc.
This is free software; see the source for copying conditions.  There is NO
warranty; not even for MERCHANTABILITY or FITNESS FOR A PARTICULAR PURPOSE.

configure:3702: $? = 0
configure:3691: gcc -v >&5
Using built-in specs.
COLLECT_GCC=/usr/x86_64-pc-linux-gnu/gcc-bin/4.7.3/gcc
COLLECT_LTO_WRAPPER=/usr/libexec/gcc/x86_64-pc-linux-gnu/4.7.3/lto-wrapper
Target: x86_64-pc-linux-gnu
Configured with: /var/tmp/portage/sys-devel/gcc-4.7.3/work/gcc-4.7.3/configure --prefix=/usr --bindir=/usr/x86_64-pc-linux-gnu/gcc-bin/4.7.3 --includedir=/usr/lib/gcc/x86_64-pc-linux-gnu/4.7.3/include --datadir=/usr/share/gcc-data/x86_64-pc-linux-gnu/4.7.3 --mandir=/usr/share/gcc-data/x86_64-pc-linux-gnu/4.7.3/man --infodir=/usr/share/gcc-data/x86_64-pc-linux-gnu/4.7.3/info --with-gxx-include-dir=/usr/lib/gcc/x86_64-pc-linux-gnu/4.7.3/include/g++-v4 --host=x86_64-pc-linux-gnu --build=x86_64-pc-linux-gnu --disable-altivec --disable-fixed-point --with-cloog --with-ppl --with-cloog-include=/usr/include/cloog-ppl --disable-ppl-version-check --disable-lto --enable-nls --without-included-gettext --with-system-zlib --enable-obsolete --disable-werror --enable-secureplt --enable-multilib --with-multilib-list=m32,m64 --enable-libmudflap --disable-libssp --enable-libgomp --with-python-dir=/share/gcc-data/x86_64-pc-linux-gnu/4.7.3/python --enable-checking=release --disable-libgcj --enable-libstdcxx-time --enable-languages=c,c++,fortran --enable-shared --enable-threads=posix --enable-__cxa_atexit --enable-clocale=gnu --enable-targets=all --with-bugurl=http://bugs.gentoo.org/ --with-pkgversion='Gentoo 4.7.3 p1.2, pie-0.5.5'
Thread model: posix
gcc version 4.7.3 (Gentoo 4.7.3 p1.2, pie-0.5.5) 
configure:3702: $? = 0
configure:3691: gcc -V >&5
gcc: error: unrecognized command line option '-V'
gcc: fatal error: no input files
compilation terminated.
configure:3702: $? = 1
configure:3691: gcc -qversion >&5
gcc: error: unrecognized command line option '-qversion'
gcc: fatal error: no input files
compilation terminated.
configure:3702: $? = 1
configure:3722: checking whether the C compiler works
configure:3744: gcc    conftest.c  >&5
configure:3748: $? = 0
configure:3796: result: yes
configure:3799: checking for C compiler default output file name
configure:3801: result: a.out
configure:3807: checking for suffix of executables
configure:3814: gcc -o conftest    conftest.c  >&5
configure:3818: $? = 0
configure:3840: result: 
configure:3862: checking whether we are cross compiling
configure:3870: gcc -o conftest    conftest.c  >&5
configure:3874: $? = 0
configure:3881: ./conftest
configure:3885: $? = 0
configure:3900: result: no
configure:3905: checking for suffix of object files
configure:3927: gcc -c   conftest.c >&5
configure:3931: $? = 0
configure:3952: result: o
configure:3956: checking whether we are using the GNU C compiler
configure:3975: gcc -c   conftest.c >&5
configure:3975: $? = 0
configure:3984: result: yes
configure:3993: checking whether gcc accepts -g
configure:4013: gcc -c -g  conftest.c >&5
configure:4013: $? = 0
configure:4054: result: yes
configure:4071: checking for gcc option to accept ISO C89
configure:4134: gcc  -c   conftest.c >&5
configure:4134: $? = 0
configure:4147: result: none needed
configure:4175: checking whether gcc understands -c and -o together
configure:4197: gcc -c conftest.c -o conftest2.o
configure:4200: $? = 0
configure:4197: gcc -c conftest.c -o conftest2.o
configure:4200: $? = 0
configure:4212: result: yes
configure:4287: checking for g++
configure:4303: found /usr/bin/g++
configure:4314: result: g++
configure:4341: checking for C++ compiler version
configure:4350: g++ --version >&5
g++ (Gentoo 4.7.3 p1.2, pie-0.5.5) 4.7.3
Copyright (C) 2012 Free Software Foundation, Inc.
This is free software; see the source for copying conditions.  There is NO
warranty; not even for MERCHANTABILITY or FITNESS FOR A PARTICULAR PURPOSE.

configure:4361: $? = 0
configure:4350: g++ -v >&5
Using built-in specs.
COLLECT_GCC=/usr/x86_64-pc-linux-gnu/gcc-bin/4.7.3/g++
COLLECT_LTO_WRAPPER=/usr/libexec/gcc/x86_64-pc-linux-gnu/4.7.3/lto-wrapper
Target: x86_64-pc-linux-gnu
Configured with: /var/tmp/portage/sys-devel/gcc-4.7.3/work/gcc-4.7.3/configure --prefix=/usr --bindir=/usr/x86_64-pc-linux-gnu/gcc-bin/4.7.3 --includedir=/usr/lib/gcc/x86_64-pc-linux-gnu/4.7.3/include --datadir=/usr/share/gcc-data/x86_64-pc-linux-gnu/4.7.3 --mandir=/usr/share/gcc-data/x86_64-pc-linux-gnu/4.7.3/man --infodir=/usr/share/gcc-data/x86_64-pc-linux-gnu/4.7.3/info --with-gxx-include-dir=/usr/lib/gcc/x86_64-pc-linux-gnu/4.7.3/include/g++-v4 --host=x86_64-pc-linux-gnu --build=x86_64-pc-linux-gnu --disable-altivec --disable-fixed-point --with-cloog --with-ppl --with-cloog-include=/usr/include/cloog-ppl --disable-ppl-version-check --disable-lto --enable-nls --without-included-gettext --with-system-zlib --enable-obsolete --disable-werror --enable-secureplt --enable-multilib --with-multilib-list=m32,m64 --enable-libmudflap --disable-libssp --enable-libgomp --with-python-dir=/share/gcc-data/x86_64-pc-linux-gnu/4.7.3/python --enable-checking=release --disable-libgcj --enable-libstdcxx-time --enable-languages=c,c++,fortran --enable-shared --enable-threads=posix --enable-__cxa_atexit --enable-clocale=gnu --enable-targets=all --with-bugurl=http://bugs.gentoo.org/ --with-pkgversion='Gentoo 4.7.3 p1.2, pie-0.5.5'
Thread model: posix
gcc version 4.7.3 (Gentoo 4.7.3 p1.2, pie-0.5.5) 
configure:4361: $? = 0
configure:4350: g++ -V >&5
g++: error: unrecognized command line option '-V'
g++: fatal error: no input files
compilation terminated.
configure:4361: $? = 1
configure:4350: g++ -qversion >&5
g++: error: unrecognized command line option '-qversion'
g++: fatal error: no input files
compilation terminated.
configure:4361: $? = 1
configure:4365: checking whether we are using the GNU C++ compiler
configure:4384: g++ -c   conftest.cpp >&5
configure:4384: $? = 0
configure:4393: result: yes
configure:4402: checking whether g++ accepts -g
configure:4422: g++ -c -g  conftest.cpp >&5
configure:4422: $? = 0
configure:4463: result: yes
configure:4500: checking for a BSD-compatible install
configure:4568: result: /usr/bin/install -c
configure:4587: checking for special C compiler options needed for large files
configure:4632: result: no
configure:4638: checking for _FILE_OFFSET_BITS value needed for large files
configure:4663: gcc -c   conftest.c >&5
configure:4663: $? = 0
configure:4695: result: no
configure:4804: gcc -c   conftest.c >&5
configure:4804: $? = 0
configure:4823: gcc -c   conftest.c >&5
conftest.c:13:2: error: #error Not a supported Clang compiler
configure:4823: $? = 1
configure: failed program was:
| /* confdefs.h */
| #define PACKAGE_NAME "WebKitGTK"
| #define PACKAGE_TARNAME "webkitgtk"
| #define PACKAGE_VERSION "2.2.0"
| #define PACKAGE_STRING "WebKitGTK 2.2.0"
| #define PACKAGE_BUGREPORT "http://bugs.webkit.org/"
| #define PACKAGE_URL ""
| #define USER_AGENT_GTK_MAJOR_VERSION 538
| #define USER_AGENT_GTK_MINOR_VERSION 1
| /* end confdefs.h.  */
| 
| #if !(defined(__clang__) && __clang_major__ >= 3 && __clang_minor__ >= 2)
| #error Not a supported Clang compiler
| #endif
| 
| int
| main ()
| {
| 
|   ;
|   return 0;
| }
configure:4862: g++ -c   conftest.cpp >&5
configure:4862: $? = 0
configure:4881: g++ -c   conftest.cpp >&5
conftest.cpp:13:2: error: #error Not a supported Clang++ compiler
configure:4881: $? = 1
configure: failed program was:
| /* confdefs.h */
| #define PACKAGE_NAME "WebKitGTK"
| #define PACKAGE_TARNAME "webkitgtk"
| #define PACKAGE_VERSION "2.2.0"
| #define PACKAGE_STRING "WebKitGTK 2.2.0"
| #define PACKAGE_BUGREPORT "http://bugs.webkit.org/"
| #define PACKAGE_URL ""
| #define USER_AGENT_GTK_MAJOR_VERSION 538
| #define USER_AGENT_GTK_MINOR_VERSION 1
| /* end confdefs.h.  */
| 
| #if !(defined(__clang__) && __clang_major__ >= 3 && __clang_minor__ >= 2)
| #error Not a supported Clang++ compiler
| #endif
| 
| int
| main ()
| {
| 
|   ;
|   return 0;
| }
configure:4897: checking for an ANSI C-conforming const
configure:4963: gcc -c   conftest.c >&5
configure:4963: $? = 0
configure:4970: result: yes
configure:4978: checking for inline
configure:4994: gcc -c   conftest.c >&5
configure:4994: $? = 0
configure:5002: result: inline
configure:5020: checking for working volatile
configure:5039: gcc -c   conftest.c >&5
configure:5039: $? = 0
configure:5046: result: yes
configure:5061: checking how to run the C preprocessor
configure:5092: gcc -E  conftest.c
configure:5092: $? = 0
configure:5106: gcc -E  conftest.c
conftest.c:11:28: fatal error: ac_nonexistent.h: No such file or directory
compilation terminated.
configure:5106: $? = 1
configure: failed program was:
| /* confdefs.h */
| #define PACKAGE_NAME "WebKitGTK"
| #define PACKAGE_TARNAME "webkitgtk"
| #define PACKAGE_VERSION "2.2.0"
| #define PACKAGE_STRING "WebKitGTK 2.2.0"
| #define PACKAGE_BUGREPORT "http://bugs.webkit.org/"
| #define PACKAGE_URL ""
| #define USER_AGENT_GTK_MAJOR_VERSION 538
| #define USER_AGENT_GTK_MINOR_VERSION 1
| /* end confdefs.h.  */
| #include <ac_nonexistent.h>
configure:5131: result: gcc -E
configure:5151: gcc -E  conftest.c
configure:5151: $? = 0
configure:5165: gcc -E  conftest.c
conftest.c:11:28: fatal error: ac_nonexistent.h: No such file or directory
compilation terminated.
configure:5165: $? = 1
configure: failed program was:
| /* confdefs.h */
| #define PACKAGE_NAME "WebKitGTK"
| #define PACKAGE_TARNAME "webkitgtk"
| #define PACKAGE_VERSION "2.2.0"
| #define PACKAGE_STRING "WebKitGTK 2.2.0"
| #define PACKAGE_BUGREPORT "http://bugs.webkit.org/"
| #define PACKAGE_URL ""
| #define USER_AGENT_GTK_MAJOR_VERSION 538
| #define USER_AGENT_GTK_MINOR_VERSION 1
| /* end confdefs.h.  */
| #include <ac_nonexistent.h>
configure:5194: checking for grep that handles long lines and -e
configure:5252: result: /bin/grep
configure:5257: checking for egrep
configure:5319: result: /bin/grep -E
configure:5324: checking for ANSI C header files
configure:5344: gcc -c   conftest.c >&5
configure:5344: $? = 0
configure:5417: gcc -o conftest    conftest.c  >&5
configure:5417: $? = 0
configure:5417: ./conftest
configure:5417: $? = 0
configure:5428: result: yes
configure:5441: checking for sys/types.h
configure:5441: gcc -c   conftest.c >&5
configure:5441: $? = 0
configure:5441: result: yes
configure:5441: checking for sys/stat.h
configure:5441: gcc -c   conftest.c >&5
configure:5441: $? = 0
configure:5441: result: yes
configure:5441: checking for stdlib.h
configure:5441: gcc -c   conftest.c >&5
configure:5441: $? = 0
configure:5441: result: yes
configure:5441: checking for string.h
configure:5441: gcc -c   conftest.c >&5
configure:5441: $? = 0
configure:5441: result: yes
configure:5441: checking for memory.h
configure:5441: gcc -c   conftest.c >&5
configure:5441: $? = 0
configure:5441: result: yes
configure:5441: checking for strings.h
configure:5441: gcc -c   conftest.c >&5
configure:5441: $? = 0
configure:5441: result: yes
configure:5441: checking for inttypes.h
configure:5441: gcc -c   conftest.c >&5
configure:5441: $? = 0
configure:5441: result: yes
configure:5441: checking for stdint.h
configure:5441: gcc -c   conftest.c >&5
configure:5441: $? = 0
configure:5441: result: yes
configure:5441: checking for unistd.h
configure:5441: gcc -c   conftest.c >&5
configure:5441: $? = 0
configure:5441: result: yes
configure:5453: checking for stdbool.h that conforms to C99
configure:5520: gcc -c   conftest.c >&5
configure:5520: $? = 0
configure:5527: result: yes
configure:5529: checking for _Bool
configure:5529: gcc -c   conftest.c >&5
configure:5529: $? = 0
configure:5529: gcc -c   conftest.c >&5
conftest.c: In function 'main':
conftest.c:57:20: error: expected expression before ')' token
configure:5529: $? = 1
configure: failed program was:
| /* confdefs.h */
| #define PACKAGE_NAME "WebKitGTK"
| #define PACKAGE_TARNAME "webkitgtk"
| #define PACKAGE_VERSION "2.2.0"
| #define PACKAGE_STRING "WebKitGTK 2.2.0"
| #define PACKAGE_BUGREPORT "http://bugs.webkit.org/"
| #define PACKAGE_URL ""
| #define USER_AGENT_GTK_MAJOR_VERSION 538
| #define USER_AGENT_GTK_MINOR_VERSION 1
| #define STDC_HEADERS 1
| #define HAVE_SYS_TYPES_H 1
| #define HAVE_SYS_STAT_H 1
| #define HAVE_STDLIB_H 1
| #define HAVE_STRING_H 1
| #define HAVE_MEMORY_H 1
| #define HAVE_STRINGS_H 1
| #define HAVE_INTTYPES_H 1
| #define HAVE_STDINT_H 1
| #define HAVE_UNISTD_H 1
| /* end confdefs.h.  */
| #include <stdio.h>
| #ifdef HAVE_SYS_TYPES_H
| # include <sys/types.h>
| #endif
| #ifdef HAVE_SYS_STAT_H
| # include <sys/stat.h>
| #endif
| #ifdef STDC_HEADERS
| # include <stdlib.h>
| # include <stddef.h>
| #else
| # ifdef HAVE_STDLIB_H
| #  include <stdlib.h>
| # endif
| #endif
| #ifdef HAVE_STRING_H
| # if !defined STDC_HEADERS && defined HAVE_MEMORY_H
| #  include <memory.h>
| # endif
| # include <string.h>
| #endif
| #ifdef HAVE_STRINGS_H
| # include <strings.h>
| #endif
| #ifdef HAVE_INTTYPES_H
| # include <inttypes.h>
| #endif
| #ifdef HAVE_STDINT_H
| # include <stdint.h>
| #endif
| #ifdef HAVE_UNISTD_H
| # include <unistd.h>
| #endif
| int
| main ()
| {
| if (sizeof ((_Bool)))
| 	    return 0;
|   ;
|   return 0;
| }
configure:5529: result: yes
configure:5564: checking for bash
configure:5582: found /bin/bash
configure:5594: result: /bin/bash
configure:5602: checking if dolt supports this host
configure:5632: result: yes, replacing libtool
configure:6139: checking how to print strings
configure:6166: result: printf
configure:6187: checking for a sed that does not truncate output
configure:6251: result: /bin/sed
configure:6269: checking for fgrep
configure:6331: result: /bin/grep -F
configure:6366: checking for ld used by gcc
configure:6433: result: /usr/x86_64-pc-linux-gnu/bin/ld
configure:6440: checking if the linker (/usr/x86_64-pc-linux-gnu/bin/ld) is GNU ld
configure:6455: result: yes
configure:6467: checking for BSD- or MS-compatible name lister (nm)
configure:6516: result: /usr/bin/nm -B
configure:6646: checking the name lister (/usr/bin/nm -B) interface
configure:6653: gcc -c   conftest.c >&5
configure:6656: /usr/bin/nm -B "conftest.o"
configure:6659: output
0000000000000000 B some_variable
configure:6666: result: BSD nm
configure:6669: checking whether ln -s works
configure:6673: result: yes
configure:6681: checking the maximum length of command line arguments
configure:6806: result: 1572864
configure:6823: checking whether the shell understands some XSI constructs
configure:6833: result: yes
configure:6837: checking whether the shell understands "+="
configure:6843: result: yes
configure:6878: checking how to convert x86_64-unknown-linux-gnu file names to x86_64-unknown-linux-gnu format
configure:6918: result: func_convert_file_noop
configure:6925: checking how to convert x86_64-unknown-linux-gnu file names to toolchain format
configure:6945: result: func_convert_file_noop
configure:6952: checking for /usr/x86_64-pc-linux-gnu/bin/ld option to reload object files
configure:6959: result: -r
configure:7033: checking for objdump
configure:7060: result: objdump
configure:7089: checking how to recognize dependent libraries
configure:7291: result: pass_all
configure:7376: checking for dlltool
configure:7403: result: dlltool
configure:7433: checking how to associate runtime and link libraries
configure:7460: result: printf %s\n
configure:7520: checking for ar
configure:7536: found /usr/bin/ar
configure:7547: result: ar
configure:7584: checking for archiver @FILE support
configure:7601: gcc -c   conftest.c >&5
configure:7601: $? = 0
configure:7604: ar cruT libconftest.a @conftest.lst >&5
configure:7607: $? = 0
configure:7612: ar cruT libconftest.a @conftest.lst >&5
ar: conftest.o: No such file or directory
configure:7615: $? = 1
configure:7627: result: @
configure:7685: checking for strip
configure:7701: found /usr/bin/strip
configure:7712: result: strip
configure:7784: checking for ranlib
configure:7800: found /usr/bin/ranlib
configure:7811: result: ranlib
configure:7913: checking command to parse /usr/bin/nm -B output from gcc object
configure:8032: gcc -c   conftest.c >&5
configure:8035: $? = 0
configure:8039: /usr/bin/nm -B conftest.o \| sed -n -e 's/^.*[ ]\([ABCDGIRSTW][ABCDGIRSTW]*\)[ ][ ]*\([_A-Za-z][_A-Za-z0-9]*\)$/\1 \2 \2/p' | sed '/ __gnu_lto/d' \> conftest.nm
configure:8042: $? = 0
configure:8108: gcc -o conftest    conftest.c conftstm.o >&5
configure:8111: $? = 0
configure:8149: result: ok
configure:8186: checking for sysroot
configure:8216: result: no
configure:8293: gcc -c   conftest.c >&5
configure:8296: $? = 0
configure:8459: checking for mt
configure:8489: result: no
configure:8509: checking if : is a manifest tool
configure:8515: : '-?'
configure:8523: result: no
configure:9152: checking for dlfcn.h
configure:9152: gcc -c   conftest.c >&5
configure:9152: $? = 0
configure:9152: result: yes
configure:9317: checking for objdir
configure:9332: result: .libs
configure:9603: checking if gcc supports -fno-rtti -fno-exceptions
configure:9621: gcc -c   -fno-rtti -fno-exceptions conftest.c >&5
cc1: warning: command line option '-fno-rtti' is valid for C++/ObjC++ but not for C [enabled by default]
configure:9625: $? = 0
configure:9638: result: no
configure:9948: checking for gcc option to produce PIC
configure:9955: result: -fPIC -DPIC
configure:9963: checking if gcc PIC flag -fPIC -DPIC works
configure:9981: gcc -c   -fPIC -DPIC -DPIC conftest.c >&5
configure:9985: $? = 0
configure:9998: result: yes
configure:10027: checking if gcc static flag -static works
configure:10055: result: yes
configure:10070: checking if gcc supports -c -o file.o
configure:10091: gcc -c   -o out/conftest2.o conftest.c >&5
configure:10095: $? = 0
configure:10117: result: yes
configure:10125: checking if gcc supports -c -o file.o
configure:10172: result: yes
configure:10205: checking whether the gcc linker (/usr/x86_64-pc-linux-gnu/bin/ld -m elf_x86_64) supports shared libraries
configure:11367: result: yes
configure:11404: checking whether -lc should be explicitly linked in
configure:11412: gcc -c   conftest.c >&5
configure:11415: $? = 0
configure:11430: gcc -shared  -fPIC -DPIC conftest.o  -v -Wl,-soname -Wl,conftest -o conftest 2\>\&1 \| /bin/grep  -lc  \>/dev/null 2\>\&1
configure:11433: $? = 0
configure:11447: result: no
configure:11612: checking dynamic linker characteristics
configure:12127: gcc -o conftest    -Wl,-rpath -Wl,/foo conftest.c  >&5
configure:12127: $? = 0
configure:12361: result: GNU/Linux ld.so
configure:12468: checking how to hardcode library paths into programs
configure:12493: result: immediate
configure:13033: checking whether stripping libraries is possible
configure:13038: result: yes
configure:13073: checking if libtool supports shared libraries
configure:13075: result: yes
configure:13078: checking whether to build shared libraries
configure:13099: result: yes
configure:13102: checking whether to build static libraries
configure:13106: result: no
configure:13129: checking how to run the C++ preprocessor
configure:13156: g++ -E  conftest.cpp
configure:13156: $? = 0
configure:13170: g++ -E  conftest.cpp
conftest.cpp:25:28: fatal error: ac_nonexistent.h: No such file or directory
compilation terminated.
configure:13170: $? = 1
configure: failed program was:
| /* confdefs.h */
| #define PACKAGE_NAME "WebKitGTK"
| #define PACKAGE_TARNAME "webkitgtk"
| #define PACKAGE_VERSION "2.2.0"
| #define PACKAGE_STRING "WebKitGTK 2.2.0"
| #define PACKAGE_BUGREPORT "http://bugs.webkit.org/"
| #define PACKAGE_URL ""
| #define USER_AGENT_GTK_MAJOR_VERSION 538
| #define USER_AGENT_GTK_MINOR_VERSION 1
| #define STDC_HEADERS 1
| #define HAVE_SYS_TYPES_H 1
| #define HAVE_SYS_STAT_H 1
| #define HAVE_STDLIB_H 1
| #define HAVE_STRING_H 1
| #define HAVE_MEMORY_H 1
| #define HAVE_STRINGS_H 1
| #define HAVE_INTTYPES_H 1
| #define HAVE_STDINT_H 1
| #define HAVE_UNISTD_H 1
| #define HAVE__BOOL 1
| #define HAVE_STDBOOL_H 1
| #define HAVE_DLFCN_H 1
| #define LT_OBJDIR ".libs/"
| /* end confdefs.h.  */
| #include <ac_nonexistent.h>
configure:13195: result: g++ -E
configure:13215: g++ -E  conftest.cpp
configure:13215: $? = 0
configure:13229: g++ -E  conftest.cpp
conftest.cpp:25:28: fatal error: ac_nonexistent.h: No such file or directory
compilation terminated.
configure:13229: $? = 1
configure: failed program was:
| /* confdefs.h */
| #define PACKAGE_NAME "WebKitGTK"
| #define PACKAGE_TARNAME "webkitgtk"
| #define PACKAGE_VERSION "2.2.0"
| #define PACKAGE_STRING "WebKitGTK 2.2.0"
| #define PACKAGE_BUGREPORT "http://bugs.webkit.org/"
| #define PACKAGE_URL ""
| #define USER_AGENT_GTK_MAJOR_VERSION 538
| #define USER_AGENT_GTK_MINOR_VERSION 1
| #define STDC_HEADERS 1
| #define HAVE_SYS_TYPES_H 1
| #define HAVE_SYS_STAT_H 1
| #define HAVE_STDLIB_H 1
| #define HAVE_STRING_H 1
| #define HAVE_MEMORY_H 1
| #define HAVE_STRINGS_H 1
| #define HAVE_INTTYPES_H 1
| #define HAVE_STDINT_H 1
| #define HAVE_UNISTD_H 1
| #define HAVE__BOOL 1
| #define HAVE_STDBOOL_H 1
| #define HAVE_DLFCN_H 1
| #define LT_OBJDIR ".libs/"
| /* end confdefs.h.  */
| #include <ac_nonexistent.h>
configure:13399: checking for ld used by g++
configure:13466: result: /usr/x86_64-pc-linux-gnu/bin/ld -m elf_x86_64
configure:13473: checking if the linker (/usr/x86_64-pc-linux-gnu/bin/ld -m elf_x86_64) is GNU ld
configure:13488: result: yes
configure:13543: checking whether the g++ linker (/usr/x86_64-pc-linux-gnu/bin/ld -m elf_x86_64) supports shared libraries
configure:14547: result: yes
configure:14582: g++ -c   conftest.cpp >&5
configure:14585: $? = 0
configure:15105: checking for g++ option to produce PIC
configure:15112: result: -fPIC -DPIC
configure:15120: checking if g++ PIC flag -fPIC -DPIC works
configure:15138: g++ -c   -fPIC -DPIC -DPIC conftest.cpp >&5
configure:15142: $? = 0
configure:15155: result: yes
configure:15178: checking if g++ static flag -static works
configure:15206: result: yes
configure:15218: checking if g++ supports -c -o file.o
configure:15239: g++ -c   -o out/conftest2.o conftest.cpp >&5
configure:15243: $? = 0
configure:15265: result: yes
configure:15270: checking if g++ supports -c -o file.o
configure:15317: result: yes
configure:15347: checking whether the g++ linker (/usr/x86_64-pc-linux-gnu/bin/ld -m elf_x86_64) supports shared libraries
configure:15384: result: yes
configure:15527: checking dynamic linker characteristics
configure:16210: result: GNU/Linux ld.so
configure:16263: checking how to hardcode library paths into programs
configure:16288: result: immediate
configure:16349: checking whether to build WebKit1
configure:16358: result: yes
configure:16363: checking whether to build WebKit2
configure:16372: result: yes
configure:16375: checking whether to do a debug build
configure:16384: result: no
configure:16387: checking whether to enable optimized builds
configure:16402: result: yes
configure:16405: checking the GTK+ version to use
configure:16420: result: 3.0
configure:16423: checking the target windowing system
configure:16438: result: x11,wayland
configure:16460: checking whether to enable spellcheck support
configure:16469: result: yes
configure:16472: checking whether to enable credential storage
configure:16481: result: no
configure:16507: checking whether to enable Gamepad support
configure:16516: result: no
configure:16519: checking whether to enable HTML5 video support
configure:16528: result: yes
configure:16531: checking whether to enable geolocation support
configure:16540: result: yes
configure:16543: checking whether to enable SVG support
configure:16552: result: yes
configure:16555: checking whether to enable support for SVG fonts
configure:16564: result: yes
configure:16567: checking whether to enable Web Audio support
configure:16576: result: yes
configure:16579: checking whether to enable Battery Status API support
configure:16588: result: no
configure:16591: checking whether to enable code coverage support
configure:16600: result: no
configure:16603: checking whether to enable optimized memory allocator
configure:16616: result: yes
configure:16619: checking whether to enable debug symbols
configure:16640: result: no
configure:16643: checking whether to enable WebGL support
configure:16652: result: auto
configure:16655: checking whether to enable accelerated compositing support
configure:16664: result: auto
configure:16667: checking whether to enable JIT compilation
configure:16676: result: auto
configure:16679: checking whether to enable opcode stats
configure:16688: result: no
configure:16691: checking whether to enable GObject introspection support
configure:16700: result: yes
configure:16759: checking for pkg-config
configure:16777: found /usr/bin/pkg-config
configure:16789: result: /usr/bin/pkg-config
configure:16814: checking pkg-config is at least version 0.9.0
configure:16817: result: yes
configure:16827: checking for jpeg_destroy_decompress in -ljpeg
configure:16852: gcc -o conftest    conftest.c -ljpeg   >&5
configure:16852: $? = 0
configure:16861: result: yes
configure:16870: checking for jpeglib
configure:16882: gcc -E  conftest.c
configure:16882: $? = 0
configure:16888: result: yes
configure:16901: checking for libpng
configure:16904: result: yes
configure:17003: checking webp/decode.h usability
configure:17003: gcc -c   conftest.c >&5
configure:17003: $? = 0
configure:17003: result: yes
configure:17003: checking webp/decode.h presence
configure:17003: gcc -E  conftest.c
configure:17003: $? = 0
configure:17003: result: yes
configure:17003: checking for webp/decode.h
configure:17003: result: yes
configure:17135: checking for pkg-config
configure:17165: result: /usr/bin/pkg-config
configure:17190: checking pkg-config is at least version 0.16
configure:17193: result: yes
configure:17210: checking for GLIB - version >= 2.36.0
configure:17325: gcc -o conftest  -pthread -I/usr/include/glib-2.0 -I/usr/lib64/glib-2.0/include    conftest.c -Wl,--export-dynamic -lgmodule-2.0 -pthread -lrt -lgthread-2.0 -pthread -lrt -lgio-2.0 -lgobject-2.0 -lglib-2.0   >&5
configure:17325: $? = 0
configure:17325: ./conftest
configure:17325: $? = 0
configure:17339: result: yes (version 2.36.4)
configure:17480: checking for pkg-config
configure:17510: result: /usr/bin/pkg-config
configure:17535: checking pkg-config is at least version 0.16
configure:17538: result: yes
configure:17684: checking for icu-config
configure:17702: found /usr/bin/icu-config
configure:17715: result: /usr/bin/icu-config
configure:17739: checking for ZLIB
configure:17746: $PKG_CONFIG --exists --print-errors "zlib"
configure:17749: $? = 0
configure:17763: $PKG_CONFIG --exists --print-errors "zlib"
configure:17766: $? = 0
configure:17824: result: yes
configure:17836: checking for LIBXML
configure:17843: $PKG_CONFIG --exists --print-errors "libxml-2.0 >= 2.6"
configure:17846: $? = 0
configure:17860: $PKG_CONFIG --exists --print-errors "libxml-2.0 >= 2.6"
configure:17863: $? = 0
configure:17921: result: yes
configure:17930: checking for PANGO
configure:17937: $PKG_CONFIG --exists --print-errors "pango >= 1.30.0 pangoft2"
configure:17940: $? = 0
configure:17954: $PKG_CONFIG --exists --print-errors "pango >= 1.30.0 pangoft2"
configure:17957: $? = 0
configure:18015: result: yes
configure:18025: checking for ENCHANT
configure:18032: $PKG_CONFIG --exists --print-errors "enchant >= 0.22"
configure:18035: $? = 0
configure:18049: $PKG_CONFIG --exists --print-errors "enchant >= 0.22"
configure:18052: $? = 0
configure:18090: result: yes
configure:18285: checking for CAIRO
configure:18292: $PKG_CONFIG --exists --print-errors "cairo >= 1.10"
configure:18295: $? = 0
configure:18309: $PKG_CONFIG --exists --print-errors "cairo >= 1.10"
configure:18312: $? = 0
configure:18370: result: yes
configure:18376: checking for GTK
configure:18383: $PKG_CONFIG --exists --print-errors "gtk+-$GTK_API_VERSION >= $GTK_REQUIRED_VERSION"
configure:18386: $? = 0
configure:18400: $PKG_CONFIG --exists --print-errors "gtk+-$GTK_API_VERSION >= $GTK_REQUIRED_VERSION"
configure:18403: $? = 0
configure:18461: result: yes
configure:18476: checking for GTK_X11
configure:18483: $PKG_CONFIG --exists --print-errors "gtk+-x11-$GTK_API_VERSION = $GTK_ACTUAL_VERSION"
configure:18486: $? = 0
configure:18500: $PKG_CONFIG --exists --print-errors "gtk+-x11-$GTK_API_VERSION = $GTK_ACTUAL_VERSION"
configure:18503: $? = 0
configure:18561: result: yes
configure:18569: checking for XT
configure:18576: $PKG_CONFIG --exists --print-errors "xt"
configure:18579: $? = 0
configure:18593: $PKG_CONFIG --exists --print-errors "xt"
configure:18596: $? = 0
configure:18634: result: yes
configure:18697: checking for XRENDER
configure:18704: $PKG_CONFIG --exists --print-errors "xrender"
configure:18707: $? = 0
configure:18721: $PKG_CONFIG --exists --print-errors "xrender"
configure:18724: $? = 0
configure:18782: result: yes
configure:18799: checking for GTK_WAYLAND
configure:18809: $PKG_CONFIG --exists --print-errors "
        gtk+-wayland-$GTK_API_VERSION = $GTK_ACTUAL_VERSION
        gtk+-wayland-$GTK_API_VERSION >= 3.10.0
    "
Package gtk+-wayland-3.0 was not found in the pkg-config search path.
Perhaps you should add the directory containing `gtk+-wayland-3.0.pc'
to the PKG_CONFIG_PATH environment variable
No package 'gtk+-wayland-3.0' found
Package gtk+-wayland-3.0 was not found in the pkg-config search path.
Perhaps you should add the directory containing `gtk+-wayland-3.0.pc'
to the PKG_CONFIG_PATH environment variable
No package 'gtk+-wayland-3.0' found
configure:18815: $? = 1
configure:18835: $PKG_CONFIG --exists --print-errors "
        gtk+-wayland-$GTK_API_VERSION = $GTK_ACTUAL_VERSION
        gtk+-wayland-$GTK_API_VERSION >= 3.10.0
    "
Package gtk+-wayland-3.0 was not found in the pkg-config search path.
Perhaps you should add the directory containing `gtk+-wayland-3.0.pc'
to the PKG_CONFIG_PATH environment variable
No package 'gtk+-wayland-3.0' found
Package gtk+-wayland-3.0 was not found in the pkg-config search path.
Perhaps you should add the directory containing `gtk+-wayland-3.0.pc'
to the PKG_CONFIG_PATH environment variable
No package 'gtk+-wayland-3.0' found
configure:18841: $? = 1
configure:18858: result: no
No package 'gtk+-wayland-3.0' found
No package 'gtk+-wayland-3.0' found
configure:18884: WARNING: GTK+ Wayland dependency (gtk+-wayland-3.0 >= 3.10.0) not found, disabling the Wayland target.
configure:18912: checking GL/glx.h usability
configure:18912: gcc -c   conftest.c >&5
configure:18912: $? = 0
configure:18912: result: yes
configure:18912: checking GL/glx.h presence
configure:18912: gcc -E  conftest.c
configure:18912: $? = 0
configure:18912: result: yes
configure:18912: checking for GL/glx.h
configure:18912: result: yes
configure:18924: checking whether to enable GLX support
configure:18937: result: yes
configure:18942: checking EGL/egl.h usability
configure:18942: gcc -c   conftest.c >&5
configure:18942: $? = 0
configure:18942: result: yes
configure:18942: checking EGL/egl.h presence
configure:18942: gcc -E  conftest.c
configure:18942: $? = 0
configure:18942: result: yes
configure:18942: checking for EGL/egl.h
configure:18942: result: yes
configure:18954: checking whether to enable EGL support
configure:18967: result: yes
configure:18972: checking GLES2/gl2.h usability
configure:18972: gcc -c   conftest.c >&5
conftest.c:61:23: fatal error: GLES2/gl2.h: No such file or directory
compilation terminated.
configure:18972: $? = 1
configure: failed program was:
| /* confdefs.h */
| #define PACKAGE_NAME "WebKitGTK"
| #define PACKAGE_TARNAME "webkitgtk"
| #define PACKAGE_VERSION "2.2.0"
| #define PACKAGE_STRING "WebKitGTK 2.2.0"
| #define PACKAGE_BUGREPORT "http://bugs.webkit.org/"
| #define PACKAGE_URL ""
| #define USER_AGENT_GTK_MAJOR_VERSION 538
| #define USER_AGENT_GTK_MINOR_VERSION 1
| #define STDC_HEADERS 1
| #define HAVE_SYS_TYPES_H 1
| #define HAVE_SYS_STAT_H 1
| #define HAVE_STDLIB_H 1
| #define HAVE_STRING_H 1
| #define HAVE_MEMORY_H 1
| #define HAVE_STRINGS_H 1
| #define HAVE_INTTYPES_H 1
| #define HAVE_STDINT_H 1
| #define HAVE_UNISTD_H 1
| #define HAVE__BOOL 1
| #define HAVE_STDBOOL_H 1
| #define HAVE_DLFCN_H 1
| #define LT_OBJDIR ".libs/"
| #define HAVE_WEBP_DECODE_H 1
| #define HAVE_GL_GLX_H 1
| #define HAVE_EGL_EGL_H 1
| /* end confdefs.h.  */
| #include <stdio.h>
| #ifdef HAVE_SYS_TYPES_H
| # include <sys/types.h>
| #endif
| #ifdef HAVE_SYS_STAT_H
| # include <sys/stat.h>
| #endif
| #ifdef STDC_HEADERS
| # include <stdlib.h>
| # include <stddef.h>
| #else
| # ifdef HAVE_STDLIB_H
| #  include <stdlib.h>
| # endif
| #endif
| #ifdef HAVE_STRING_H
| # if !defined STDC_HEADERS && defined HAVE_MEMORY_H
| #  include <memory.h>
| # endif
| # include <string.h>
| #endif
| #ifdef HAVE_STRINGS_H
| # include <strings.h>
| #endif
| #ifdef HAVE_INTTYPES_H
| # include <inttypes.h>
| #endif
| #ifdef HAVE_STDINT_H
| # include <stdint.h>
| #endif
| #ifdef HAVE_UNISTD_H
| # include <unistd.h>
| #endif
| #include <GLES2/gl2.h>
configure:18972: result: no
configure:18972: checking GLES2/gl2.h presence
configure:18972: gcc -E  conftest.c
conftest.c:28:23: fatal error: GLES2/gl2.h: No such file or directory
compilation terminated.
configure:18972: $? = 1
configure: failed program was:
| /* confdefs.h */
| #define PACKAGE_NAME "WebKitGTK"
| #define PACKAGE_TARNAME "webkitgtk"
| #define PACKAGE_VERSION "2.2.0"
| #define PACKAGE_STRING "WebKitGTK 2.2.0"
| #define PACKAGE_BUGREPORT "http://bugs.webkit.org/"
| #define PACKAGE_URL ""
| #define USER_AGENT_GTK_MAJOR_VERSION 538
| #define USER_AGENT_GTK_MINOR_VERSION 1
| #define STDC_HEADERS 1
| #define HAVE_SYS_TYPES_H 1
| #define HAVE_SYS_STAT_H 1
| #define HAVE_STDLIB_H 1
| #define HAVE_STRING_H 1
| #define HAVE_MEMORY_H 1
| #define HAVE_STRINGS_H 1
| #define HAVE_INTTYPES_H 1
| #define HAVE_STDINT_H 1
| #define HAVE_UNISTD_H 1
| #define HAVE__BOOL 1
| #define HAVE_STDBOOL_H 1
| #define HAVE_DLFCN_H 1
| #define LT_OBJDIR ".libs/"
| #define HAVE_WEBP_DECODE_H 1
| #define HAVE_GL_GLX_H 1
| #define HAVE_EGL_EGL_H 1
| /* end confdefs.h.  */
| #include <GLES2/gl2.h>
configure:18972: result: no
configure:18972: checking for GLES2/gl2.h
configure:18972: result: no
configure:18984: checking whether to use OpenGL ES 2 support
configure:19011: result: no
configure:19020: checking GL/gl.h usability
configure:19020: gcc -c   conftest.c >&5
configure:19020: $? = 0
configure:19020: result: yes
configure:19020: checking GL/gl.h presence
configure:19020: gcc -E  conftest.c
configure:19020: $? = 0
configure:19020: result: yes
configure:19020: checking for GL/gl.h
configure:19020: result: yes
configure:19035: checking for XCOMPOSITE
configure:19042: $PKG_CONFIG --exists --print-errors "xcomposite"
configure:19045: $? = 0
configure:19059: $PKG_CONFIG --exists --print-errors "xcomposite"
configure:19062: $? = 0
configure:19120: result: yes
configure:19126: checking for XDAMAGE
configure:19133: $PKG_CONFIG --exists --print-errors "xdamage"
configure:19136: $? = 0
configure:19150: $PKG_CONFIG --exists --print-errors "xdamage"
configure:19153: $? = 0
configure:19211: result: yes
configure:19276: checking whether to enable CSS Filters and Shaders
configure:19282: result: yes
configure:19294: checking for INTROSPECTION
configure:19301: $PKG_CONFIG --exists --print-errors "gobject-introspection-1.0 >= 1.32.0"
configure:19304: $? = 0
configure:19318: $PKG_CONFIG --exists --print-errors "gobject-introspection-1.0 >= 1.32.0"
configure:19321: $? = 0
configure:19379: result: yes
configure:19395: checking for LIBSOUP
configure:19402: $PKG_CONFIG --exists --print-errors "libsoup-2.4 >= 2.42.0"
configure:19405: $? = 0
configure:19419: $PKG_CONFIG --exists --print-errors "libsoup-2.4 >= 2.42.0"
configure:19422: $? = 0
configure:19480: result: yes
configure:19679: checking for FREETYPE
configure:19686: $PKG_CONFIG --exists --print-errors "cairo-ft fontconfig >= 2.5 freetype2 >= 9.0 harfbuzz >= 0.9.7"
configure:19689: $? = 0
configure:19703: $PKG_CONFIG --exists --print-errors "cairo-ft fontconfig >= 2.5 freetype2 >= 9.0 harfbuzz >= 0.9.7"
configure:19706: $? = 0
configure:19764: result: yes
configure:19774: checking for HARFBUZZ_ICU
configure:19781: $PKG_CONFIG --exists --print-errors "harfbuzz-icu >= 0.9.7"
configure:19784: $? = 0
configure:19798: $PKG_CONFIG --exists --print-errors "harfbuzz-icu >= 0.9.7"
configure:19801: $? = 0
configure:19859: result: yes
configure:19873: checking for SQLITE3
configure:19880: $PKG_CONFIG --exists --print-errors "sqlite3 >= 3.0"
configure:19883: $? = 0
configure:19897: $PKG_CONFIG --exists --print-errors "sqlite3 >= 3.0"
configure:19900: $? = 0
configure:19938: result: yes
configure:20011: checking for LIBXSLT
configure:20018: $PKG_CONFIG --exists --print-errors "libxslt >= 1.1.7"
configure:20021: $? = 0
configure:20035: $PKG_CONFIG --exists --print-errors "libxslt >= 1.1.7"
configure:20038: $? = 0
configure:20096: result: yes
configure:20107: checking for GEOCLUE
configure:20114: $PKG_CONFIG --exists --print-errors "geoclue"
configure:20117: $? = 0
configure:20131: $PKG_CONFIG --exists --print-errors "geoclue"
configure:20134: $? = 0
configure:20192: result: yes
configure:20203: checking for GSTREAMER
configure:20218: $PKG_CONFIG --exists --print-errors "
        gstreamer-1.0 >= 1.0.3
        gstreamer-plugins-base-1.0 >= 1.0.3
        gstreamer-app-1.0
        gstreamer-audio-1.0,
        gstreamer-fft-1.0,
        gstreamer-base-1.0,
        gstreamer-pbutils-1.0,
        gstreamer-video-1.0"
configure:20229: $? = 0
configure:20259: $PKG_CONFIG --exists --print-errors "
        gstreamer-1.0 >= 1.0.3
        gstreamer-plugins-base-1.0 >= 1.0.3
        gstreamer-app-1.0
        gstreamer-audio-1.0,
        gstreamer-fft-1.0,
        gstreamer-base-1.0,
        gstreamer-pbutils-1.0,
        gstreamer-video-1.0"
configure:20270: $? = 0
configure:20360: result: yes
configure:20388: checking for dlopen
configure:20388: gcc -o conftest    conftest.c  >&5
/tmp/ccDYwNGS.o: In function `main':
conftest.c:(.text+0xa): undefined reference to `dlopen'
collect2: error: ld returned 1 exit status
configure:20388: $? = 1
configure: failed program was:
| /* confdefs.h */
| #define PACKAGE_NAME "WebKitGTK"
| #define PACKAGE_TARNAME "webkitgtk"
| #define PACKAGE_VERSION "2.2.0"
| #define PACKAGE_STRING "WebKitGTK 2.2.0"
| #define PACKAGE_BUGREPORT "http://bugs.webkit.org/"
| #define PACKAGE_URL ""
| #define USER_AGENT_GTK_MAJOR_VERSION 538
| #define USER_AGENT_GTK_MINOR_VERSION 1
| #define STDC_HEADERS 1
| #define HAVE_SYS_TYPES_H 1
| #define HAVE_SYS_STAT_H 1
| #define HAVE_STDLIB_H 1
| #define HAVE_STRING_H 1
| #define HAVE_MEMORY_H 1
| #define HAVE_STRINGS_H 1
| #define HAVE_INTTYPES_H 1
| #define HAVE_STDINT_H 1
| #define HAVE_UNISTD_H 1
| #define HAVE__BOOL 1
| #define HAVE_STDBOOL_H 1
| #define HAVE_DLFCN_H 1
| #define LT_OBJDIR ".libs/"
| #define HAVE_WEBP_DECODE_H 1
| #define HAVE_GL_GLX_H 1
| #define HAVE_EGL_EGL_H 1
| #define HAVE_GL_GL_H 1
| /* end confdefs.h.  */
| /* Define dlopen to an innocuous variant, in case <limits.h> declares dlopen.
|    For example, HP-UX 11i <limits.h> declares gettimeofday.  */
| #define dlopen innocuous_dlopen
| 
| /* System header to define __stub macros and hopefully few prototypes,
|     which can conflict with char dlopen (); below.
|     Prefer <limits.h> to <assert.h> if __STDC__ is defined, since
|     <limits.h> exists even on freestanding compilers.  */
| 
| #ifdef __STDC__
| # include <limits.h>
| #else
| # include <assert.h>
| #endif
| 
| #undef dlopen
| 
| /* Override any GCC internal prototype to avoid an error.
|    Use char because int might match the return type of a GCC
|    builtin and then its argument prototype would still apply.  */
| #ifdef __cplusplus
| extern "C"
| #endif
| char dlopen ();
| /* The GNU C library defines this for functions which it implements
|     to always fail with ENOSYS.  Some functions are actually named
|     something starting with __ and the normal name is an alias.  */
| #if defined __stub_dlopen || defined __stub___dlopen
| choke me
| #endif
| 
| int
| main ()
| {
| return dlopen ();
|   ;
|   return 0;
| }
configure:20388: result: no
configure:20392: checking for dlopen in -ldl
configure:20417: gcc -o conftest    conftest.c -ldl   >&5
configure:20417: $? = 0
configure:20426: result: yes
configure:20453: checking for CAIRO_GL
configure:20460: $PKG_CONFIG --exists --print-errors "$CAIRO_GL_LIBS"
configure:20463: $? = 0
configure:20518: result: yes
configure:20734: checking for GTK2
configure:20741: $PKG_CONFIG --exists --print-errors "gtk+-2.0 >= 2.24.10"
configure:20744: $? = 0
configure:20758: $PKG_CONFIG --exists --print-errors "gtk+-2.0 >= 2.24.10"
configure:20761: $? = 0
configure:20819: result: yes
configure:20829: checking for GTK_UNIX_PRINTING
configure:20836: $PKG_CONFIG --exists --print-errors "gtk+-unix-print-3.0"
configure:20839: $? = 0
configure:20853: $PKG_CONFIG --exists --print-errors "gtk+-unix-print-3.0"
configure:20856: $? = 0
configure:20894: result: yes
configure:20903: checking for library containing shm_open
configure:20934: gcc -o conftest    conftest.c  >&5
/tmp/ccbEo1k4.o: In function `main':
conftest.c:(.text+0xa): undefined reference to `shm_open'
collect2: error: ld returned 1 exit status
configure:20934: $? = 1
configure: failed program was:
| /* confdefs.h */
| #define PACKAGE_NAME "WebKitGTK"
| #define PACKAGE_TARNAME "webkitgtk"
| #define PACKAGE_VERSION "2.2.0"
| #define PACKAGE_STRING "WebKitGTK 2.2.0"
| #define PACKAGE_BUGREPORT "http://bugs.webkit.org/"
| #define PACKAGE_URL ""
| #define USER_AGENT_GTK_MAJOR_VERSION 538
| #define USER_AGENT_GTK_MINOR_VERSION 1
| #define STDC_HEADERS 1
| #define HAVE_SYS_TYPES_H 1
| #define HAVE_SYS_STAT_H 1
| #define HAVE_STDLIB_H 1
| #define HAVE_STRING_H 1
| #define HAVE_MEMORY_H 1
| #define HAVE_STRINGS_H 1
| #define HAVE_INTTYPES_H 1
| #define HAVE_STDINT_H 1
| #define HAVE_UNISTD_H 1
| #define HAVE__BOOL 1
| #define HAVE_STDBOOL_H 1
| #define HAVE_DLFCN_H 1
| #define LT_OBJDIR ".libs/"
| #define HAVE_WEBP_DECODE_H 1
| #define HAVE_GL_GLX_H 1
| #define HAVE_EGL_EGL_H 1
| #define HAVE_GL_GL_H 1
| /* end confdefs.h.  */
| 
| /* Override any GCC internal prototype to avoid an error.
|    Use char because int might match the return type of a GCC
|    builtin and then its argument prototype would still apply.  */
| #ifdef __cplusplus
| extern "C"
| #endif
| char shm_open ();
| int
| main ()
| {
| return shm_open ();
|   ;
|   return 0;
| }
configure:20934: gcc -o conftest    conftest.c -lrt   >&5
configure:20934: $? = 0
configure:20951: result: -lrt
configure:20967: checking for ATSPI2
configure:20974: $PKG_CONFIG --exists --print-errors "atspi-2 >= 2.5.3"
configure:20977: $? = 0
configure:20991: $PKG_CONFIG --exists --print-errors "atspi-2 >= 2.5.3"
configure:20994: $? = 0
configure:21032: result: yes
configure:21046: checking for gtkdoc-check
configure:21064: found /usr/bin/gtkdoc-check
configure:21076: result: /usr/bin/gtkdoc-check
configure:21088: checking for gtkdoc-rebase
configure:21106: found /usr/bin/gtkdoc-rebase
configure:21118: result: /usr/bin/gtkdoc-rebase
configure:21132: checking for gtkdoc-mkpdf
configure:21150: found /usr/bin/gtkdoc-mkpdf
configure:21162: result: /usr/bin/gtkdoc-mkpdf
configure:21276: checking whether to build gtk-doc documentation
configure:21278: result: no
configure:21411: checking pthread.h usability
configure:21411: gcc -c  -pthread -std=c99 -D_FORTIFY_SOURCE=2 -O2  conftest.c >&5
<command-line>:0:0: warning: "_FORTIFY_SOURCE" redefined [enabled by default]
conftest.c:1:0: note: this is the location of the previous definition
configure:21411: $? = 0
configure:21411: result: yes
configure:21411: checking pthread.h presence
configure:21411: gcc -E  conftest.c
configure:21411: $? = 0
configure:21411: result: yes
configure:21411: checking for pthread.h
configure:21411: result: yes
configure:21425: checking for pthread_rwlock_init in -lpthread
configure:21450: gcc -o conftest  -pthread -std=c99 -D_FORTIFY_SOURCE=2 -O2   conftest.c -lpthread  -lrt  >&5
<command-line>:0:0: warning: "_FORTIFY_SOURCE" redefined [enabled by default]
conftest.c:1:0: note: this is the location of the previous definition
configure:21450: $? = 0
configure:21459: result: yes
configure:21795: checking whether build environment is sane
configure:21850: result: yes
configure:21885: WARNING: 'missing' script is too old or missing
configure:21998: checking for a thread-safe mkdir -p
configure:22037: result: /bin/mkdir -p
configure:22040: checking whether make sets $(MAKE)
configure:22062: result: yes
configure:22092: checking for style of include used by make
configure:22120: result: GNU
configure:22154: checking whether make supports nested variables
configure:22171: result: yes
configure:22260: checking whether UID '1000' is supported by ustar format
configure:22263: result: yes
configure:22270: checking whether GID '1001' is supported by ustar format
configure:22273: result: yes
configure:22281: checking how to create a ustar tar archive
configure:22292: tar --version
tar (GNU tar) 1.26
Copyright (C) 2011 Free Software Foundation, Inc.
License GPLv3+: GNU GPL version 3 or later <http://gnu.org/licenses/gpl.html>.
This is free software: you are free to change and redistribute it.
There is NO WARRANTY, to the extent permitted by law.

Written by John Gilmore and Jay Fenlason.
configure:22295: $? = 0
configure:22335: tardir=conftest.dir && eval tar --format=ustar -chf - "$tardir" >conftest.tar
configure:22338: $? = 0
configure:22342: tar -xf - <conftest.tar
configure:22345: $? = 0
configure:22347: cat conftest.dir/file
GrepMe
configure:22350: $? = 0
configure:22363: result: gnutar
configure:22372: checking dependency style of gcc
configure:22483: result: gcc3
configure:22500: checking dependency style of g++
configure:22611: result: gcc3
configure:22669: checking whether to enable maintainer-specific portions of Makefiles
configure:22678: result: yes
configure:22710: checking whether make supports nested variables
configure:22727: result: yes
configure:22755: checking for gawk
configure:22782: result: gawk
configure:23272: checking that generated files are newer than configure
configure:23278: result: done
configure:23441: creating ./config.status

## ---------------- ##
## Cache variables. ##
## ---------------- ##

ac_cv_build=x86_64-unknown-linux-gnu
ac_cv_c_compiler_gnu=yes
ac_cv_c_const=yes
ac_cv_c_inline=inline
ac_cv_c_volatile=yes
ac_cv_cxx_compiler_gnu=yes
ac_cv_env_ATSPI2_CFLAGS_set=
ac_cv_env_ATSPI2_CFLAGS_value=
ac_cv_env_ATSPI2_LIBS_set=
ac_cv_env_ATSPI2_LIBS_value=
ac_cv_env_CAIRO_CFLAGS_set=
ac_cv_env_CAIRO_CFLAGS_value=
ac_cv_env_CAIRO_GL_CFLAGS_set=
ac_cv_env_CAIRO_GL_CFLAGS_value=
ac_cv_env_CAIRO_GL_LIBS_set=
ac_cv_env_CAIRO_GL_LIBS_value=
ac_cv_env_CAIRO_LIBS_set=
ac_cv_env_CAIRO_LIBS_value=
ac_cv_env_CCC_set=
ac_cv_env_CCC_value=
ac_cv_env_CC_set=
ac_cv_env_CC_value=
ac_cv_env_CFLAGS_set=
ac_cv_env_CFLAGS_value=
ac_cv_env_CPPFLAGS_set=
ac_cv_env_CPPFLAGS_value=
ac_cv_env_CPP_set=
ac_cv_env_CPP_value=
ac_cv_env_CXXCPP_set=
ac_cv_env_CXXCPP_value=
ac_cv_env_CXXFLAGS_set=
ac_cv_env_CXXFLAGS_value=
ac_cv_env_CXX_set=
ac_cv_env_CXX_value=
ac_cv_env_ENCHANT_CFLAGS_set=
ac_cv_env_ENCHANT_CFLAGS_value=
ac_cv_env_ENCHANT_LIBS_set=
ac_cv_env_ENCHANT_LIBS_value=
ac_cv_env_FREETYPE_CFLAGS_set=
ac_cv_env_FREETYPE_CFLAGS_value=
ac_cv_env_FREETYPE_LIBS_set=
ac_cv_env_FREETYPE_LIBS_value=
ac_cv_env_GAMEPAD_CFLAGS_set=
ac_cv_env_GAMEPAD_CFLAGS_value=
ac_cv_env_GAMEPAD_LIBS_set=
ac_cv_env_GAMEPAD_LIBS_value=
ac_cv_env_GEOCLUE_CFLAGS_set=
ac_cv_env_GEOCLUE_CFLAGS_value=
ac_cv_env_GEOCLUE_LIBS_set=
ac_cv_env_GEOCLUE_LIBS_value=
ac_cv_env_GSTREAMER_CFLAGS_set=
ac_cv_env_GSTREAMER_CFLAGS_value=
ac_cv_env_GSTREAMER_LIBS_set=
ac_cv_env_GSTREAMER_LIBS_value=
ac_cv_env_GTK2_CFLAGS_set=
ac_cv_env_GTK2_CFLAGS_value=
ac_cv_env_GTK2_LIBS_set=
ac_cv_env_GTK2_LIBS_value=
ac_cv_env_GTKDOC_DEPS_CFLAGS_set=
ac_cv_env_GTKDOC_DEPS_CFLAGS_value=
ac_cv_env_GTKDOC_DEPS_LIBS_set=
ac_cv_env_GTKDOC_DEPS_LIBS_value=
ac_cv_env_GTK_CFLAGS_set=
ac_cv_env_GTK_CFLAGS_value=
ac_cv_env_GTK_LIBS_set=
ac_cv_env_GTK_LIBS_value=
ac_cv_env_GTK_UNIX_PRINTING_CFLAGS_set=
ac_cv_env_GTK_UNIX_PRINTING_CFLAGS_value=
ac_cv_env_GTK_UNIX_PRINTING_LIBS_set=
ac_cv_env_GTK_UNIX_PRINTING_LIBS_value=
ac_cv_env_GTK_WAYLAND_CFLAGS_set=
ac_cv_env_GTK_WAYLAND_CFLAGS_value=
ac_cv_env_GTK_WAYLAND_LIBS_set=
ac_cv_env_GTK_WAYLAND_LIBS_value=
ac_cv_env_GTK_X11_CFLAGS_set=
ac_cv_env_GTK_X11_CFLAGS_value=
ac_cv_env_GTK_X11_LIBS_set=
ac_cv_env_GTK_X11_LIBS_value=
ac_cv_env_HARFBUZZ_ICU_CFLAGS_set=
ac_cv_env_HARFBUZZ_ICU_CFLAGS_value=
ac_cv_env_HARFBUZZ_ICU_LIBS_set=
ac_cv_env_HARFBUZZ_ICU_LIBS_value=
ac_cv_env_INTROSPECTION_CFLAGS_set=
ac_cv_env_INTROSPECTION_CFLAGS_value=
ac_cv_env_INTROSPECTION_LIBS_set=
ac_cv_env_INTROSPECTION_LIBS_value=
ac_cv_env_LDFLAGS_set=
ac_cv_env_LDFLAGS_value=
ac_cv_env_LIBSECRET_CFLAGS_set=
ac_cv_env_LIBSECRET_CFLAGS_value=
ac_cv_env_LIBSECRET_LIBS_set=
ac_cv_env_LIBSECRET_LIBS_value=
ac_cv_env_LIBSOUP_CFLAGS_set=
ac_cv_env_LIBSOUP_CFLAGS_value=
ac_cv_env_LIBSOUP_LIBS_set=
ac_cv_env_LIBSOUP_LIBS_value=
ac_cv_env_LIBS_set=
ac_cv_env_LIBS_value=
ac_cv_env_LIBXML_CFLAGS_set=
ac_cv_env_LIBXML_CFLAGS_value=
ac_cv_env_LIBXML_LIBS_set=
ac_cv_env_LIBXML_LIBS_value=
ac_cv_env_LIBXSLT_CFLAGS_set=
ac_cv_env_LIBXSLT_CFLAGS_value=
ac_cv_env_LIBXSLT_LIBS_set=
ac_cv_env_LIBXSLT_LIBS_value=
ac_cv_env_PANGO_CFLAGS_set=
ac_cv_env_PANGO_CFLAGS_value=
ac_cv_env_PANGO_LIBS_set=
ac_cv_env_PANGO_LIBS_value=
ac_cv_env_PKG_CONFIG_LIBDIR_set=
ac_cv_env_PKG_CONFIG_LIBDIR_value=
ac_cv_env_PKG_CONFIG_PATH_set=
ac_cv_env_PKG_CONFIG_PATH_value=
ac_cv_env_PKG_CONFIG_set=
ac_cv_env_PKG_CONFIG_value=
ac_cv_env_SQLITE3_CFLAGS_set=
ac_cv_env_SQLITE3_CFLAGS_value=
ac_cv_env_SQLITE3_LIBS_set=
ac_cv_env_SQLITE3_LIBS_value=
ac_cv_env_UPOWER_GLIB_CFLAGS_set=
ac_cv_env_UPOWER_GLIB_CFLAGS_value=
ac_cv_env_UPOWER_GLIB_LIBS_set=
ac_cv_env_UPOWER_GLIB_LIBS_value=
ac_cv_env_XCOMPOSITE_CFLAGS_set=
ac_cv_env_XCOMPOSITE_CFLAGS_value=
ac_cv_env_XCOMPOSITE_LIBS_set=
ac_cv_env_XCOMPOSITE_LIBS_value=
ac_cv_env_XDAMAGE_CFLAGS_set=
ac_cv_env_XDAMAGE_CFLAGS_value=
ac_cv_env_XDAMAGE_LIBS_set=
ac_cv_env_XDAMAGE_LIBS_value=
ac_cv_env_XRENDER_CFLAGS_set=
ac_cv_env_XRENDER_CFLAGS_value=
ac_cv_env_XRENDER_LIBS_set=
ac_cv_env_XRENDER_LIBS_value=
ac_cv_env_XT_CFLAGS_set=
ac_cv_env_XT_CFLAGS_value=
ac_cv_env_XT_LIBS_set=
ac_cv_env_XT_LIBS_value=
ac_cv_env_ZLIB_CFLAGS_set=
ac_cv_env_ZLIB_CFLAGS_value=
ac_cv_env_ZLIB_LIBS_set=
ac_cv_env_ZLIB_LIBS_value=
ac_cv_env_build_alias_set=
ac_cv_env_build_alias_value=
ac_cv_env_host_alias_set=
ac_cv_env_host_alias_value=
ac_cv_env_target_alias_set=
ac_cv_env_target_alias_value=
ac_cv_func_dlopen=no
ac_cv_header_EGL_egl_h=yes
ac_cv_header_GLES2_gl2_h=no
ac_cv_header_GL_gl_h=yes
ac_cv_header_GL_glx_h=yes
ac_cv_header_dlfcn_h=yes
ac_cv_header_inttypes_h=yes
ac_cv_header_memory_h=yes
ac_cv_header_pthread_h=yes
ac_cv_header_stdbool_h=yes
ac_cv_header_stdc=yes
ac_cv_header_stdint_h=yes
ac_cv_header_stdlib_h=yes
ac_cv_header_string_h=yes
ac_cv_header_strings_h=yes
ac_cv_header_sys_stat_h=yes
ac_cv_header_sys_types_h=yes
ac_cv_header_unistd_h=yes
ac_cv_header_webp_decode_h=yes
ac_cv_host=x86_64-unknown-linux-gnu
ac_cv_lib_dl_dlopen=yes
ac_cv_lib_jpeg_jpeg_destroy_decompress=yes
ac_cv_lib_pthread_pthread_rwlock_init=yes
ac_cv_objext=o
ac_cv_path_BISON=/usr/bin/bison
ac_cv_path_DOLT_BASH=/bin/bash
ac_cv_path_EGREP='/bin/grep -E'
ac_cv_path_FGREP='/bin/grep -F'
ac_cv_path_FLEX=/usr/bin/flex
ac_cv_path_GPERF=/usr/bin/gperf
ac_cv_path_GREP=/bin/grep
ac_cv_path_GTKDOC_CHECK=/usr/bin/gtkdoc-check
ac_cv_path_GTKDOC_MKPDF=/usr/bin/gtkdoc-mkpdf
ac_cv_path_GTKDOC_REBASE=/usr/bin/gtkdoc-rebase
ac_cv_path_MV=/bin/mv
ac_cv_path_PERL=/usr/bin/perl
ac_cv_path_PYTHON=/usr/bin/python
ac_cv_path_RUBY=/usr/bin/ruby
ac_cv_path_SED=/bin/sed
ac_cv_path_ac_pt_PKG_CONFIG=/usr/bin/pkg-config
ac_cv_path_icu_config=/usr/bin/icu-config
ac_cv_path_install='/usr/bin/install -c'
ac_cv_path_mkdir=/bin/mkdir
ac_cv_prog_AWK=gawk
ac_cv_prog_CPP='gcc -E'
ac_cv_prog_CXXCPP='g++ -E'
ac_cv_prog_ac_ct_AR=ar
ac_cv_prog_ac_ct_CC=gcc
ac_cv_prog_ac_ct_CXX=g++
ac_cv_prog_ac_ct_DLLTOOL=dlltool
ac_cv_prog_ac_ct_OBJDUMP=objdump
ac_cv_prog_ac_ct_RANLIB=ranlib
ac_cv_prog_ac_ct_STRIP=strip
ac_cv_prog_cc_c89=
ac_cv_prog_cc_g=yes
ac_cv_prog_cxx_g=yes
ac_cv_prog_make_make_set=yes
ac_cv_search_shm_open=-lrt
ac_cv_sys_file_offset_bits=no
ac_cv_sys_largefile_CC=no
ac_cv_type__Bool=yes
am_cv_CC_dependencies_compiler_type=gcc3
am_cv_CXX_dependencies_compiler_type=gcc3
am_cv_make_support_nested_variables=yes
am_cv_prog_cc_c_o=yes
am_cv_prog_tar_ustar=gnutar
lt_cv_ar_at_file=@
lt_cv_archive_cmds_need_lc=no
lt_cv_deplibs_check_method=pass_all
lt_cv_file_magic_cmd='$MAGIC_CMD'
lt_cv_file_magic_test_file=
lt_cv_ld_reload_flag=-r
lt_cv_nm_interface='BSD nm'
lt_cv_objdir=.libs
lt_cv_path_LD=/usr/x86_64-pc-linux-gnu/bin/ld
lt_cv_path_LDCXX='/usr/x86_64-pc-linux-gnu/bin/ld -m elf_x86_64'
lt_cv_path_NM='/usr/bin/nm -B'
lt_cv_path_mainfest_tool=no
lt_cv_prog_compiler_c_o=yes
lt_cv_prog_compiler_c_o_CXX=yes
lt_cv_prog_compiler_pic='-fPIC -DPIC'
lt_cv_prog_compiler_pic_CXX='-fPIC -DPIC'
lt_cv_prog_compiler_pic_works=yes
lt_cv_prog_compiler_pic_works_CXX=yes
lt_cv_prog_compiler_rtti_exceptions=no
lt_cv_prog_compiler_static_works=yes
lt_cv_prog_compiler_static_works_CXX=yes
lt_cv_prog_gnu_ld=yes
lt_cv_prog_gnu_ldcxx=yes
lt_cv_sharedlib_from_linklib_cmd='printf %s\n'
lt_cv_shlibpath_overrides_runpath=yes
lt_cv_sys_global_symbol_pipe='sed -n -e '\''s/^.*[	 ]\([ABCDGIRSTW][ABCDGIRSTW]*\)[	 ][	 ]*\([_A-Za-z][_A-Za-z0-9]*\)$/\1 \2 \2/p'\'' | sed '\''/ __gnu_lto/d'\'''
lt_cv_sys_global_symbol_to_c_name_address='sed -n -e '\''s/^: \([^ ]*\)[ ]*$/  {\"\1\", (void *) 0},/p'\'' -e '\''s/^[ABCDGIRSTW]* \([^ ]*\) \([^ ]*\)$/  {"\2", (void *) \&\2},/p'\'''
lt_cv_sys_global_symbol_to_c_name_address_lib_prefix='sed -n -e '\''s/^: \([^ ]*\)[ ]*$/  {\"\1\", (void *) 0},/p'\'' -e '\''s/^[ABCDGIRSTW]* \([^ ]*\) \(lib[^ ]*\)$/  {"\2", (void *) \&\2},/p'\'' -e '\''s/^[ABCDGIRSTW]* \([^ ]*\) \([^ ]*\)$/  {"lib\2", (void *) \&\2},/p'\'''
lt_cv_sys_global_symbol_to_cdecl='sed -n -e '\''s/^T .* \(.*\)$/extern int \1();/p'\'' -e '\''s/^[ABCDGIRSTW]* .* \(.*\)$/extern char \1;/p'\'''
lt_cv_sys_max_cmd_len=1572864
lt_cv_to_host_file_cmd=func_convert_file_noop
lt_cv_to_tool_file_cmd=func_convert_file_noop
pkg_cv_ATSPI2_CFLAGS='-I/usr/include/at-spi-2.0 -I/usr/include/dbus-1.0 -I/usr/lib64/dbus-1.0/include -I/usr/include/glib-2.0 -I/usr/lib64/glib-2.0/include '
pkg_cv_ATSPI2_LIBS='-latspi -ldbus-1 -lglib-2.0 '
pkg_cv_CAIRO_CFLAGS='-I/usr/include/cairo -I/usr/include/glib-2.0 -I/usr/lib64/glib-2.0/include -I/usr/include/pixman-1 -I/usr/include/freetype2 -I/usr/include/libdrm -I/usr/include/libpng16 '
pkg_cv_CAIRO_GL_CFLAGS='-I/usr/include/cairo -I/usr/include/glib-2.0 -I/usr/lib64/glib-2.0/include -I/usr/include/pixman-1 -I/usr/include/freetype2 -I/usr/include/libpng16 -I/usr/include/libdrm '
pkg_cv_CAIRO_GL_LIBS='cairo-gl cairo-glx cairo-egl'
pkg_cv_CAIRO_LIBS='-lcairo '
pkg_cv_ENCHANT_CFLAGS='-pthread -I/usr/include/enchant -I/usr/include/glib-2.0 -I/usr/lib64/glib-2.0/include '
pkg_cv_ENCHANT_LIBS='-lenchant -lgmodule-2.0 -pthread -lrt -lglib-2.0 '
pkg_cv_FREETYPE_CFLAGS='-I/usr/include/cairo -I/usr/include/glib-2.0 -I/usr/lib64/glib-2.0/include -I/usr/include/pixman-1 -I/usr/include/libdrm -I/usr/include/libpng16 -I/usr/include/freetype2 -I/usr/include/harfbuzz '
pkg_cv_FREETYPE_LIBS='-lcairo -lfontconfig -lfreetype -lharfbuzz '
pkg_cv_GEOCLUE_CFLAGS='-I/usr/include/dbus-1.0 -I/usr/lib64/dbus-1.0/include -I/usr/include/glib-2.0 -I/usr/lib64/glib-2.0/include -I/usr/include/libxml2 '
pkg_cv_GEOCLUE_LIBS='-lgeoclue -ldbus-glib-1 -ldbus-1 -lgobject-2.0 -lglib-2.0 -lxml2 '
pkg_cv_GSTREAMER_CFLAGS='-pthread -I/usr/include/gstreamer-1.0 -I/usr/include/glib-2.0 -I/usr/lib64/glib-2.0/include '
pkg_cv_GSTREAMER_LIBS='-lgstapp-1.0 -lgstaudio-1.0 -lgstfft-1.0 -lm -lgstpbutils-1.0 -lgstvideo-1.0 -lgstbase-1.0 -lgstreamer-1.0 -lgobject-2.0 -lgmodule-2.0 -pthread -lrt -lgthread-2.0 -pthread -lrt -lglib-2.0 '
pkg_cv_GTK2_CFLAGS='-pthread -I/usr/include/gtk-2.0 -I/usr/lib64/gtk-2.0/include -I/usr/include/pango-1.0 -I/usr/include/atk-1.0 -I/usr/include/cairo -I/usr/include/pixman-1 -I/usr/include/libdrm -I/usr/include/gdk-pixbuf-2.0 -I/usr/include/libpng16 -I/usr/include/pango-1.0 -I/usr/include/harfbuzz -I/usr/include/pango-1.0 -I/usr/include/glib-2.0 -I/usr/lib64/glib-2.0/include -I/usr/include/freetype2 '
pkg_cv_GTK2_LIBS='-lgtk-x11-2.0 -lgdk-x11-2.0 -lpangocairo-1.0 -latk-1.0 -lcairo -lgdk_pixbuf-2.0 -lgio-2.0 -lpangoft2-1.0 -lpango-1.0 -lgobject-2.0 -lglib-2.0 -lfreetype -lfontconfig '
pkg_cv_GTK_CFLAGS='-pthread -I/usr/include/gtk-3.0 -I/usr/include/at-spi2-atk/2.0 -I/usr/include/gtk-3.0 -I/usr/include/gio-unix-2.0/ -I/usr/include/cairo -I/usr/include/pango-1.0 -I/usr/include/harfbuzz -I/usr/include/pango-1.0 -I/usr/include/atk-1.0 -I/usr/include/cairo -I/usr/include/pixman-1 -I/usr/include/freetype2 -I/usr/include/libdrm -I/usr/include/gdk-pixbuf-2.0 -I/usr/include/libpng16 -I/usr/include/glib-2.0 -I/usr/lib64/glib-2.0/include '
pkg_cv_GTK_LIBS='-lgtk-3 -lgdk-3 -lpangocairo-1.0 -lpango-1.0 -latk-1.0 -lcairo-gobject -lcairo -lgdk_pixbuf-2.0 -lgio-2.0 -lgobject-2.0 -lglib-2.0 '
pkg_cv_GTK_UNIX_PRINTING_CFLAGS='-pthread -I/usr/include/gtk-3.0/unix-print -I/usr/include/gtk-3.0 -I/usr/include/at-spi2-atk/2.0 -I/usr/include/gtk-3.0 -I/usr/include/gio-unix-2.0/ -I/usr/include/cairo -I/usr/include/pango-1.0 -I/usr/include/harfbuzz -I/usr/include/pango-1.0 -I/usr/include/atk-1.0 -I/usr/include/cairo -I/usr/include/pixman-1 -I/usr/include/freetype2 -I/usr/include/libdrm -I/usr/include/gdk-pixbuf-2.0 -I/usr/include/libpng16 -I/usr/include/glib-2.0 -I/usr/lib64/glib-2.0/include '
pkg_cv_GTK_UNIX_PRINTING_LIBS='-lgtk-3 -lgdk-3 -lpangocairo-1.0 -lpango-1.0 -latk-1.0 -lcairo-gobject -lcairo -lgdk_pixbuf-2.0 -lgio-2.0 -lgobject-2.0 -lglib-2.0 '
pkg_cv_GTK_X11_CFLAGS='-pthread -I/usr/include/gtk-3.0 -I/usr/include/at-spi2-atk/2.0 -I/usr/include/gtk-3.0 -I/usr/include/gio-unix-2.0/ -I/usr/include/cairo -I/usr/include/pango-1.0 -I/usr/include/harfbuzz -I/usr/include/pango-1.0 -I/usr/include/atk-1.0 -I/usr/include/cairo -I/usr/include/pixman-1 -I/usr/include/freetype2 -I/usr/include/libdrm -I/usr/include/gdk-pixbuf-2.0 -I/usr/include/libpng16 -I/usr/include/glib-2.0 -I/usr/lib64/glib-2.0/include '
pkg_cv_GTK_X11_LIBS='-lgtk-3 -lgdk-3 -lpangocairo-1.0 -lpango-1.0 -latk-1.0 -lcairo-gobject -lcairo -lgdk_pixbuf-2.0 -lgio-2.0 -lgobject-2.0 -lglib-2.0 '
pkg_cv_HARFBUZZ_ICU_CFLAGS='-I/usr/include/harfbuzz '
pkg_cv_HARFBUZZ_ICU_LIBS='-lharfbuzz-icu -lharfbuzz '
pkg_cv_INTROSPECTION_CFLAGS='-pthread -I/usr/include/gobject-introspection-1.0 -I/usr/lib64/libffi-3.0.11/include -I/usr/include/glib-2.0 -I/usr/lib64/glib-2.0/include '
pkg_cv_INTROSPECTION_LIBS='-lgirepository-1.0 -lgobject-2.0 -lglib-2.0 '
pkg_cv_LIBSOUP_CFLAGS='-pthread -I/usr/include/libsoup-2.4 -I/usr/include/libxml2 -I/usr/include/glib-2.0 -I/usr/lib64/glib-2.0/include '
pkg_cv_LIBSOUP_LIBS='-lsoup-2.4 -lgio-2.0 -lgobject-2.0 -lglib-2.0 '
pkg_cv_LIBXML_CFLAGS='-I/usr/include/libxml2 '
pkg_cv_LIBXML_LIBS='-lxml2 '
pkg_cv_LIBXSLT_CFLAGS='-I/usr/include/libxml2 '
pkg_cv_LIBXSLT_LIBS='-lxslt -lxml2 -lz -lm -ldl -lm -lrt -lxml2 '
pkg_cv_PANGO_CFLAGS='-pthread -I/usr/include/pango-1.0 -I/usr/include/harfbuzz -I/usr/include/pango-1.0 -I/usr/include/glib-2.0 -I/usr/lib64/glib-2.0/include -I/usr/include/freetype2 '
pkg_cv_PANGO_LIBS='-lpangoft2-1.0 -lpango-1.0 -lgobject-2.0 -lglib-2.0 -lfreetype -lfontconfig '
pkg_cv_SQLITE3_CFLAGS=
pkg_cv_SQLITE3_LIBS='-lsqlite3 '
pkg_cv_XCOMPOSITE_CFLAGS=
pkg_cv_XCOMPOSITE_LIBS='-lXcomposite '
pkg_cv_XDAMAGE_CFLAGS=
pkg_cv_XDAMAGE_LIBS='-lXdamage -lXfixes '
pkg_cv_XRENDER_CFLAGS=
pkg_cv_XRENDER_LIBS='-lXrender -lX11 '
pkg_cv_XT_CFLAGS=
pkg_cv_XT_LIBS='-lXt -lX11 '
pkg_cv_ZLIB_CFLAGS=
pkg_cv_ZLIB_LIBS='-L/usr/lib64 -lz '

## ----------------- ##
## Output variables. ##
## ----------------- ##











	  $(INSTALL_DATA) $$files "$(DESTDIR)$(gsettingsschemadir)" || exit $$?; \
	  echo " $(INSTALL_DATA) $$files '\''$(DESTDIR)$(gsettingsschemadir)'\''"; \
	  echo "$$d$$p"; \
	  if test -f "$$p"; then d=; else d="$(srcdir)/"; fi; \
	$(AM_V_GEN) glib-mkenums --comments '\''<!-- @comment@ -->'\'' --fhead "<schemalist>" --vhead "  <@type@ id='\''$(gsettings_ENUM_NAMESPACE).@EnumName@'\''>" --vprod "    <value nick='\''@valuenick@'\'' value='\''@valuenum@'\''/>" --vtail "  </@type@>" --ftail "</schemalist>" $(gsettings_ENUM_FILES) > $@.tmp && mv $@.tmp $@
	$(AM_V_GEN) if test -f "$<"; then d=; else d="$(srcdir)/"; fi; $(GLIB_COMPILE_SCHEMAS) --dry-run $(addprefix --schema-file=,$(gsettings__enum_file)) --schema-file=$${d}$< && touch $@
	@$(NORMAL_INSTALL)
	@$(NORMAL_UNINSTALL)
	@list='\''$(gsettings_SCHEMAS) $(gsettings__enum_file)'\''; test -n "$(gsettingsschemadir)" || list=; \
	@list='\''$(gsettings__enum_file) $(gsettings_SCHEMAS)'\''; test -n "$(gsettingsschemadir)" || list=; \
	cd "$(DESTDIR)$(gsettingsschemadir)" && rm -f $$files
	done
	done | $(gsettings__base_list) | \
	echo " ( cd '\''$(DESTDIR)$(gsettingsschemadir)'\'' && rm -f" $$files ")"; \
	files=`for p in $$list; do echo $$p; done | sed -e '\''s|^.*/||'\''`; \
	for p in $$list; do \
	rm -f $(gsettings_SCHEMAS:.xml=.valid) $(gsettings__enum_file)
	test -n "$$files" || exit 0; \
	test -n "$(GSETTINGS_DISABLE_SCHEMAS_COMPILE)$(DESTDIR)" || $(GLIB_COMPILE_SCHEMAS) $(gsettingsschemadir)
	test -n "$(GSETTINGS_DISABLE_SCHEMAS_COMPILE)$(DESTDIR)" || $(GLIB_COMPILE_SCHEMAS) $(gsettingsschemadir)
	test -z "$(gsettingsschemadir)" || $(MKDIR_P) "$(DESTDIR)$(gsettingsschemadir)"
	while read files; do \
  sed "$$!N;$$!N;$$!N;$$!N;$$!N;$$!N;$$!N;s/\n/ /g" | \
  sed "$$!N;$$!N;$$!N;$$!N;s/\n/ /g"
$(gsettings__enum_file): $(gsettings_ENUM_FILES)
%.gschema.valid: %.gschema.xml $(gsettings__enum_file)
.PHONY : uninstall-gsettings-schemas install-gsettings-schemas clean-gsettings-schemas
.SECONDARY: $(gsettings_SCHEMAS)
ACLOCAL='aclocal-1.14'
ACLOCAL_AMFLAGS='-I Source/autotools'
AMDEPBACKSLASH='\'
AMDEP_FALSE='#'
AMDEP_TRUE=''
AMTAR='$${TAR-tar}'
AM_BACKSLASH='\'
AM_DEFAULT_V='$(AM_DEFAULT_VERBOSITY)'
AM_DEFAULT_VERBOSITY='0'
AM_V='$(V)'
AR='ar'
AS='as'
ATSPI2_CFLAGS='-I/usr/include/at-spi-2.0 -I/usr/include/dbus-1.0 -I/usr/lib64/dbus-1.0/include -I/usr/include/glib-2.0 -I/usr/lib64/glib-2.0/include '
ATSPI2_LIBS='-latspi -ldbus-1 -lglib-2.0 '
AUTOCONF='autoconf'
AUTOHEADER='autoheader'
AUTOMAKE='automake-1.14'
AWK='gawk'
BISON='/usr/bin/bison'
CAIRO_CFLAGS='-I/usr/include/cairo -I/usr/include/glib-2.0 -I/usr/lib64/glib-2.0/include -I/usr/include/pixman-1 -I/usr/include/freetype2 -I/usr/include/libdrm -I/usr/include/libpng16 '
CAIRO_GL_CFLAGS='-I/usr/include/cairo -I/usr/include/glib-2.0 -I/usr/lib64/glib-2.0/include -I/usr/include/pixman-1 -I/usr/include/freetype2 -I/usr/include/libpng16 -I/usr/include/libdrm '
CAIRO_GL_LIBS='cairo-gl cairo-glx cairo-egl'
CAIRO_LIBS='-lcairo '
CC='gcc'
CCDEPMODE='depmode=gcc3'
CFLAGS=' -pthread -std=c99 -D_FORTIFY_SOURCE=2 -O2'
COVERAGE_CFLAGS=''
COVERAGE_LDFLAGS=''
CPP='gcc -E'
CPPFLAGS=''
CXX='g++'
CXXCPP='g++ -E'
CXXDEPMODE='depmode=gcc3'
CXXFLAGS=' -pthread -std=c++11 -Wno-c++11-compat -D_FORTIFY_SOURCE=2 -O2'
CYGPATH_W='echo'
DEFS='-DHAVE_CONFIG_H'
DEPDIR='.deps'
DLLTOOL='dlltool'
DOLT_BASH='/bin/bash'
DSYMUTIL=''
DUMPBIN=''
ECHO_C=''
ECHO_N='-n'
ECHO_T=''
EGREP='/bin/grep -E'
ENABLE_COVERAGE_FALSE=''
ENABLE_COVERAGE_TRUE='#'
ENABLE_DEBUG_FALSE=''
ENABLE_DEBUG_TRUE='#'
ENABLE_GTK_DOC_FALSE=''
ENABLE_GTK_DOC_TRUE='#'
ENABLE_INDEXED_DATABASE_FALSE=''
ENABLE_INDEXED_DATABASE_TRUE='#'
ENABLE_INTROSPECTION_FALSE='#'
ENABLE_INTROSPECTION_TRUE=''
ENABLE_SPELLCHECK_FALSE='#'
ENABLE_SPELLCHECK_TRUE=''
ENABLE_SVG_FALSE='#'
ENABLE_SVG_TRUE=''
ENABLE_VIDEO_FALSE='#'
ENABLE_VIDEO_TRUE=''
ENABLE_WEBGL_FALSE='#'
ENABLE_WEBGL_TRUE=''
ENABLE_WEBKIT1_FALSE='#'
ENABLE_WEBKIT1_TRUE=''
ENABLE_WEBKIT2_FALSE='#'
ENABLE_WEBKIT2_TRUE=''
ENABLE_WEB_AUDIO_FALSE='#'
ENABLE_WEB_AUDIO_TRUE=''
ENCHANT_CFLAGS='-pthread -I/usr/include/enchant -I/usr/include/glib-2.0 -I/usr/lib64/glib-2.0/include '
ENCHANT_LIBS='-lenchant -lgmodule-2.0 -pthread -lrt -lglib-2.0 '
EXEEXT=''
FGREP='/bin/grep -F'
FLEX='/usr/bin/flex'
FREETYPE_CFLAGS='-I/usr/include/cairo -I/usr/include/glib-2.0 -I/usr/lib64/glib-2.0/include -I/usr/include/pixman-1 -I/usr/include/libdrm -I/usr/include/libpng16 -I/usr/include/freetype2 -I/usr/include/harfbuzz  -I/usr/include/harfbuzz '
FREETYPE_LIBS='-lcairo -lfontconfig -lfreetype -lharfbuzz  -lharfbuzz-icu -lharfbuzz '
GAMEPAD_CFLAGS=''
GAMEPAD_LIBS=''
GEOCLUE_CFLAGS='-I/usr/include/dbus-1.0 -I/usr/lib64/dbus-1.0/include -I/usr/include/glib-2.0 -I/usr/lib64/glib-2.0/include -I/usr/include/libxml2 '
GEOCLUE_LIBS='-lgeoclue -ldbus-glib-1 -ldbus-1 -lgobject-2.0 -lglib-2.0 -lxml2 '
GETTEXT_PACKAGE='WebKitGTK-3.0'
GLIB_CFLAGS='-pthread -I/usr/include/glib-2.0 -I/usr/lib64/glib-2.0/include '
GLIB_COMPILE_RESOURCES='glib-compile-resources'
GLIB_COMPILE_SCHEMAS='glib-compile-schemas'
GLIB_GENMARSHAL='glib-genmarshal'
GLIB_LIBS='-Wl,--export-dynamic -lgmodule-2.0 -pthread -lrt -lgthread-2.0 -pthread -lrt -lgio-2.0 -lgobject-2.0 -lglib-2.0 '
GLIB_MKENUMS='glib-mkenums'
GOBJECT_QUERY='gobject-query'
GPERF='/usr/bin/gperf'
GREP='/bin/grep'
GSETTINGS_DISABLE_SCHEMAS_COMPILE=''
GSETTINGS_RULES='
GSTREAMER_CFLAGS='-pthread -I/usr/include/gstreamer-1.0 -I/usr/include/glib-2.0 -I/usr/lib64/glib-2.0/include '
GSTREAMER_LIBS='-lgstapp-1.0 -lgstaudio-1.0 -lgstfft-1.0 -lm -lgstpbutils-1.0 -lgstvideo-1.0 -lgstbase-1.0 -lgstreamer-1.0 -lgobject-2.0 -lgmodule-2.0 -pthread -lrt -lgthread-2.0 -pthread -lrt -lglib-2.0 '
GTK2_CFLAGS='-pthread -I/usr/include/gtk-2.0 -I/usr/lib64/gtk-2.0/include -I/usr/include/pango-1.0 -I/usr/include/atk-1.0 -I/usr/include/cairo -I/usr/include/pixman-1 -I/usr/include/libdrm -I/usr/include/gdk-pixbuf-2.0 -I/usr/include/libpng16 -I/usr/include/pango-1.0 -I/usr/include/harfbuzz -I/usr/include/pango-1.0 -I/usr/include/glib-2.0 -I/usr/lib64/glib-2.0/include -I/usr/include/freetype2 '
GTK2_LIBS='-lgtk-x11-2.0 -lgdk-x11-2.0 -lpangocairo-1.0 -latk-1.0 -lcairo -lgdk_pixbuf-2.0 -lgio-2.0 -lpangoft2-1.0 -lpango-1.0 -lgobject-2.0 -lglib-2.0 -lfreetype -lfontconfig '
GTKDOC_CHECK='/usr/bin/gtkdoc-check'
GTKDOC_DEPS_CFLAGS=''
GTKDOC_DEPS_LIBS=''
GTKDOC_MKPDF='/usr/bin/gtkdoc-mkpdf'
GTKDOC_REBASE='/usr/bin/gtkdoc-rebase'
GTK_API_VERSION='3.0'
GTK_API_VERSION_2_FALSE=''
GTK_API_VERSION_2_TRUE='#'
GTK_CFLAGS='-pthread -I/usr/include/gtk-3.0 -I/usr/include/at-spi2-atk/2.0 -I/usr/include/gtk-3.0 -I/usr/include/gio-unix-2.0/ -I/usr/include/cairo -I/usr/include/pango-1.0 -I/usr/include/harfbuzz -I/usr/include/pango-1.0 -I/usr/include/atk-1.0 -I/usr/include/cairo -I/usr/include/pixman-1 -I/usr/include/freetype2 -I/usr/include/libdrm -I/usr/include/gdk-pixbuf-2.0 -I/usr/include/libpng16 -I/usr/include/glib-2.0 -I/usr/lib64/glib-2.0/include '
GTK_DOC_BUILD_HTML_FALSE='#'
GTK_DOC_BUILD_HTML_TRUE=''
GTK_DOC_BUILD_PDF_FALSE=''
GTK_DOC_BUILD_PDF_TRUE='#'
GTK_DOC_USE_LIBTOOL_FALSE='#'
GTK_DOC_USE_LIBTOOL_TRUE=''
GTK_DOC_USE_REBASE_FALSE='#'
GTK_DOC_USE_REBASE_TRUE=''
GTK_LIBS='-lgtk-3 -lgdk-3 -lpangocairo-1.0 -lpango-1.0 -latk-1.0 -lcairo-gobject -lcairo -lgdk_pixbuf-2.0 -lgio-2.0 -lgobject-2.0 -lglib-2.0 '
GTK_UNIX_PRINTING_CFLAGS='-pthread -I/usr/include/gtk-3.0/unix-print -I/usr/include/gtk-3.0 -I/usr/include/at-spi2-atk/2.0 -I/usr/include/gtk-3.0 -I/usr/include/gio-unix-2.0/ -I/usr/include/cairo -I/usr/include/pango-1.0 -I/usr/include/harfbuzz -I/usr/include/pango-1.0 -I/usr/include/atk-1.0 -I/usr/include/cairo -I/usr/include/pixman-1 -I/usr/include/freetype2 -I/usr/include/libdrm -I/usr/include/gdk-pixbuf-2.0 -I/usr/include/libpng16 -I/usr/include/glib-2.0 -I/usr/lib64/glib-2.0/include '
GTK_UNIX_PRINTING_LIBS='-lgtk-3 -lgdk-3 -lpangocairo-1.0 -lpango-1.0 -latk-1.0 -lcairo-gobject -lcairo -lgdk_pixbuf-2.0 -lgio-2.0 -lgobject-2.0 -lglib-2.0 '
GTK_WAYLAND_CFLAGS=''
GTK_WAYLAND_LIBS=''
GTK_X11_CFLAGS='-pthread -I/usr/include/gtk-3.0 -I/usr/include/at-spi2-atk/2.0 -I/usr/include/gtk-3.0 -I/usr/include/gio-unix-2.0/ -I/usr/include/cairo -I/usr/include/pango-1.0 -I/usr/include/harfbuzz -I/usr/include/pango-1.0 -I/usr/include/atk-1.0 -I/usr/include/cairo -I/usr/include/pixman-1 -I/usr/include/freetype2 -I/usr/include/libdrm -I/usr/include/gdk-pixbuf-2.0 -I/usr/include/libpng16 -I/usr/include/glib-2.0 -I/usr/lib64/glib-2.0/include '
GTK_X11_LIBS='-lgtk-3 -lgdk-3 -lpangocairo-1.0 -lpango-1.0 -latk-1.0 -lcairo-gobject -lcairo -lgdk_pixbuf-2.0 -lgio-2.0 -lgobject-2.0 -lglib-2.0 '
G_IR_COMPILER='/usr/bin/g-ir-compiler'
G_IR_GENERATE='/usr/bin/g-ir-generate'
G_IR_SCANNER='/usr/bin/g-ir-scanner'
HARFBUZZ_ICU_CFLAGS='-I/usr/include/harfbuzz '
HARFBUZZ_ICU_LIBS='-lharfbuzz-icu -lharfbuzz '
HAVE_ATSPI2_FALSE='#'
HAVE_ATSPI2_TRUE=''
HTML_DIR='${datadir}/gtk-doc/html'
INSTALL_DATA='${INSTALL} -m 644'
INSTALL_PROGRAM='${INSTALL}'
INSTALL_SCRIPT='${INSTALL}'
INSTALL_STRIP_PROGRAM='$(install_sh) -c -s'
INTROSPECTION_CFLAGS='-pthread -I/usr/include/gobject-introspection-1.0 -I/usr/lib64/libffi-3.0.11/include -I/usr/include/glib-2.0 -I/usr/lib64/glib-2.0/include '
INTROSPECTION_LIBS='-lgirepository-1.0 -lgobject-2.0 -lglib-2.0 '
JPEG_LIBS='-ljpeg'
LD='/usr/x86_64-pc-linux-gnu/bin/ld -m elf_x86_64'
LDFLAGS=''
LIBJAVASCRIPTCOREGTK_VERSION='15:5:15'
LIBOBJS=''
LIBS='-lrt '
LIBSECRET_CFLAGS=''
LIBSECRET_LIBS=''
LIBSOUP_CFLAGS='-pthread -I/usr/include/libsoup-2.4 -I/usr/include/libxml2 -I/usr/include/glib-2.0 -I/usr/lib64/glib-2.0/include '
LIBSOUP_LIBS='-lsoup-2.4 -lgio-2.0 -lgobject-2.0 -lglib-2.0 '
LIBTOOL='$(SHELL) $(top_builddir)/libtool'
LIBWEBKIT2GTK_VERSION='29:2:4'
LIBWEBKITGTK_VERSION='19:8:19'
LIBXML_CFLAGS='-I/usr/include/libxml2 '
LIBXML_LIBS='-lxml2 '
LIBXSLT_CFLAGS='-I/usr/include/libxml2 '
LIBXSLT_LIBS='-lxslt -lxml2 -lz -lm -ldl -lm -lrt -lxml2 '
LIPO=''
LN_S='ln -s'
LTCOMPILE='$(top_builddir)/doltcompile $(COMPILE)'
LTCXXCOMPILE='$(top_builddir)/doltcompile $(CXXCOMPILE)'
LTLIBOBJS=''
MAINT=''
MAINTAINER_MODE_FALSE='#'
MAINTAINER_MODE_TRUE=''
MAKEINFO='makeinfo'
MANIFEST_TOOL=':'
MKDIR_P='/bin/mkdir -p'
MV='/bin/mv'
NM='/usr/bin/nm -B'
NMEDIT=''
OBJDUMP='objdump'
OBJEXT='o'
OLE32_LIBS=''
OPENGL_LIBS='-lGL -lEGL -ldl'
OS_DARWIN_FALSE=''
OS_DARWIN_TRUE='#'
OS_FREEBSD_FALSE=''
OS_FREEBSD_TRUE='#'
OS_GNU_FALSE='#'
OS_GNU_TRUE=''
OS_LINUX_FALSE='#'
OS_LINUX_TRUE=''
OS_UNIX_FALSE='#'
OS_UNIX_TRUE=''
OS_WIN32_FALSE=''
OS_WIN32_TRUE='#'
OTOOL64=''
OTOOL=''
PACKAGE='webkitgtk'
PACKAGE_BUGREPORT='http://bugs.webkit.org/'
PACKAGE_NAME='WebKitGTK'
PACKAGE_STRING='WebKitGTK 2.2.0'
PACKAGE_TARNAME='webkitgtk'
PACKAGE_URL=''
PACKAGE_VERSION='2.2.0'
PANGO_CFLAGS='-pthread -I/usr/include/pango-1.0 -I/usr/include/harfbuzz -I/usr/include/pango-1.0 -I/usr/include/glib-2.0 -I/usr/lib64/glib-2.0/include -I/usr/include/freetype2 '
PANGO_LIBS='-lpangoft2-1.0 -lpango-1.0 -lgobject-2.0 -lglib-2.0 -lfreetype -lfontconfig '
PATH_SEPARATOR=':'
PERL='/usr/bin/perl'
PKG_CONFIG='/usr/bin/pkg-config'
PKG_CONFIG_LIBDIR=''
PKG_CONFIG_PATH=''
PNG_LIBS='-lpng16 '
PYTHON='/usr/bin/python'
RANLIB='ranlib'
RUBY='/usr/bin/ruby'
SED='/bin/sed'
SET_MAKE=''
SHELL='/bin/sh'
SHLWAPI_LIBS=''
SHM_LIBS='-lrt'
SQLITE3_CFLAGS=''
SQLITE3_LIBS='-lsqlite3 '
STRIP='strip'
TARGET_DIRECTFB_FALSE=''
TARGET_DIRECTFB_TRUE='#'
TARGET_QUARTZ_FALSE=''
TARGET_QUARTZ_TRUE='#'
TARGET_WAYLAND_FALSE=''
TARGET_WAYLAND_TRUE='#'
TARGET_WIN32_FALSE=''
TARGET_WIN32_TRUE='#'
TARGET_X11_FALSE='#'
TARGET_X11_OR_WAYLAND_FALSE='#'
TARGET_X11_OR_WAYLAND_TRUE=''
TARGET_X11_TRUE=''
UNICODE_CFLAGS='-I/usr/include '
UNICODE_LIBS='-licui18n -licuuc -licudata '
UPOWER_GLIB_CFLAGS=''
UPOWER_GLIB_LIBS=''
USE_ACCELERATED_COMPOSITING_FALSE='#'
USE_ACCELERATED_COMPOSITING_TRUE=''
USE_EGL_FALSE='#'
USE_EGL_TRUE=''
USE_GLES2_FALSE=''
USE_GLES2_TRUE='#'
USE_GLX_FALSE='#'
USE_GLX_TRUE=''
USE_GSTREAMER_FALSE='#'
USE_GSTREAMER_TRUE=''
USE_OPENGL_FALSE='#'
USE_OPENGL_TRUE=''
USE_TEXTURE_MAPPER_GL_FALSE='#'
USE_TEXTURE_MAPPER_GL_TRUE=''
USE_WEBAUDIO_GSTREAMER_FALSE='#'
USE_WEBAUDIO_GSTREAMER_TRUE=''
VERSION='2.2.0'
WEBKITGTK_API_MAJOR_VERSION='3'
WEBKITGTK_API_MINOR_VERSION='0'
WEBKITGTK_API_VERSION='3.0'
WEBKITGTK_PC_NAME='webkitgtk'
WEBKIT_MAJOR_VERSION='2'
WEBKIT_MICRO_VERSION='0'
WEBKIT_MINOR_VERSION='2'
WEBKIT_USER_AGENT_MAJOR_VERSION='538'
WEBKIT_USER_AGENT_MINOR_VERSION='1'
WEBP_LIBS='-lwebp'
WINMM_LIBS=''
XCOMPOSITE_CFLAGS=''
XCOMPOSITE_LIBS='-lXcomposite '
XDAMAGE_CFLAGS=''
XDAMAGE_LIBS='-lXdamage -lXfixes '
XRENDER_CFLAGS=''
XRENDER_LIBS='-lXrender -lX11 '
XT_CFLAGS=''
XT_LIBS='-lXt -lX11 '
ZLIB_CFLAGS=''
ZLIB_LIBS='-L/usr/lib64 -lz '
ac_ct_AR='ar'
ac_ct_CC='gcc'
ac_ct_CXX='g++'
ac_ct_DUMPBIN=''
all-am: $(gsettings_SCHEMAS:.xml=.valid)
am__EXEEXT_FALSE=''
am__EXEEXT_TRUE='#'
am__fastdepCC_FALSE='#'
am__fastdepCC_TRUE=''
am__fastdepCXX_FALSE='#'
am__fastdepCXX_TRUE=''
am__include='include'
am__isrc=''
am__leading_dot='.'
am__nodep='_no'
am__quote=''
am__tar='tar --format=ustar -chf - "$$tardir"'
am__untar='tar -xf -'
bindir='${exec_prefix}/bin'
build='x86_64-unknown-linux-gnu'
build_alias=''
build_cpu='x86_64'
build_os='linux-gnu'
build_vendor='unknown'
clean-gsettings-schemas:
datadir='${datarootdir}'
datarootdir='${prefix}/share'
docdir='${datarootdir}/doc/${PACKAGE_TARNAME}'
dvidir='${docdir}'
endif'
exec_prefix='${prefix}'
gsettings__base_list = \
gsettings__enum_file = $(addsuffix .enums.xml,$(gsettings_ENUM_NAMESPACE))
gsettingsschemadir='${datarootdir}/glib-2.0/schemas'
host='x86_64-unknown-linux-gnu'
host_alias=''
host_cpu='x86_64'
host_os='linux-gnu'
host_vendor='unknown'
htmldir='${docdir}'
icu_config='/usr/bin/icu-config'
ifdef gsettings_ENUM_NAMESPACE
includedir='${prefix}/include'
infodir='${datarootdir}/info'
install-data-am: install-gsettings-schemas
install-gsettings-schemas: $(gsettings_SCHEMAS:.xml=.valid) $(gsettings__enum_file)
install_sh='${SHELL} /home/phoenix/projects/WebKitTi/Source/autotools/install-sh'
libdir='${exec_prefix}/lib'
libexecdir='${exec_prefix}/libexec'
localedir='${datarootdir}/locale'
localstatedir='${prefix}/var'
mandir='${datarootdir}/man'
mkdir_p='$(MKDIR_P)'
mostlyclean-am: clean-gsettings-schemas
oldincludedir='/usr/include'
pdfdir='${docdir}'
prefix='/usr/local'
program_transform_name='s,x,x,'
psdir='${docdir}'
sbindir='${exec_prefix}/sbin'
sharedstatedir='${prefix}/com'
sysconfdir='${prefix}/etc'
target_alias=''
uninstall-am: uninstall-gsettings-schemas
uninstall-gsettings-schemas:

## ----------- ##
## confdefs.h. ##
## ----------- ##

/* confdefs.h */
#define PACKAGE_NAME "WebKitGTK"
#define PACKAGE_TARNAME "webkitgtk"
#define PACKAGE_VERSION "2.2.0"
#define PACKAGE_STRING "WebKitGTK 2.2.0"
#define PACKAGE_BUGREPORT "http://bugs.webkit.org/"
#define PACKAGE_URL ""
#define USER_AGENT_GTK_MAJOR_VERSION 538
#define USER_AGENT_GTK_MINOR_VERSION 1
#define STDC_HEADERS 1
#define HAVE_SYS_TYPES_H 1
#define HAVE_SYS_STAT_H 1
#define HAVE_STDLIB_H 1
#define HAVE_STRING_H 1
#define HAVE_MEMORY_H 1
#define HAVE_STRINGS_H 1
#define HAVE_INTTYPES_H 1
#define HAVE_STDINT_H 1
#define HAVE_UNISTD_H 1
#define HAVE__BOOL 1
#define HAVE_STDBOOL_H 1
#define HAVE_DLFCN_H 1
#define LT_OBJDIR ".libs/"
#define HAVE_WEBP_DECODE_H 1
#define HAVE_GL_GLX_H 1
#define HAVE_EGL_EGL_H 1
#define HAVE_GL_GL_H 1
#define GETTEXT_PACKAGE "WebKitGTK-3.0"
#define NDEBUG 1
#define HAVE_PTHREAD_H 1
#define HAVE_PTHREAD_H 1
#define HAVE_PTHREAD_RWLOCK 1
#define GDK_VERSION_MIN_REQUIRED GDK_VERSION_3_6
#define ENABLE_PLUGIN_PROCESS 1
#define HAVE_GTK_UNIX_PRINTING 1
#define XP_UNIX 1
#define MOZ_X11 1
#define WTF_PLATFORM_X11 1
#define WTF_USE_GSTREAMER 1
#define WTF_USE_WEBAUDIO_GSTREAMER 1
#define WTF_USE_ACCELERATED_COMPOSITING 1
#define WTF_USE_TEXTURE_MAPPER 1
#define WTF_USE_TEXTURE_MAPPER_GL 1
#define WTF_USE_OPENGL 1
#define WTF_USE_GLX 1
#define WTF_USE_EGL 1
#define ENABLE_SPELLCHECK 1
#define PACKAGE "webkitgtk"
#define VERSION "2.2.0"

configure: exit 0

## ---------------------- ##
## Running config.status. ##
## ---------------------- ##

This file was extended by WebKitGTK config.status 2.2.0, which was
generated by GNU Autoconf 2.69.  Invocation command line was

  CONFIG_FILES    = 
  CONFIG_HEADERS  = 
  CONFIG_LINKS    = 
  CONFIG_COMMANDS = 
  $ ./config.status 

on Ignis

config.status:1442: creating GNUmakefile
config.status:1442: creating Source/WebCore/platform/gtk/po/POTFILES
config.status:1442: creating Source/JavaScriptCore/javascriptcoregtk-3.0.pc
config.status:1442: creating JavaScriptCore-3.0.gir
config.status:1442: creating Source/WebKit/gtk/webkit/webkitversion.h
config.status:1442: creating Source/WebKit/gtk/webkitgtk-3.0.pc
config.status:1442: creating DerivedSources/WebKit2/webkit2gtk/webkit2/WebKitVersion.h
config.status:1442: creating Source/WebKit2/webkit2gtk-3.0.pc
config.status:1442: creating autotoolsconfig.h
config.status:1623: autotoolsconfig.h is unchanged
config.status:1671: executing libtool commands
config.status:1671: executing depfiles commands
